08.01.2020 05:06:16: System.NullReferenceException: Der Objektverweis wurde nicht auf eine Objektinstanz festgelegt.
   bei GoldTree.HabboHotel.Items.RoomItem..ctor(UInt32 uint_5, UInt32 uint_6, UInt32 uint_7, String string_8, Int32 int_5, Int32 int_6, Double double_1, Int32 int_7, String string_9, Room class14_1) in C:\Users\Administrator\Desktop\AI EMU_CRACKED\HabboHotel\Items\RoomItem.cs:Zeile 412.
   bei GoldTree.HabboHotel.Rooms.Room.method_25() in C:\Users\Administrator\Desktop\AI EMU_CRACKED\HabboHotel\Rooms\Room.cs:Zeile 2918.
   bei GoldTree.HabboHotel.Rooms.Room..ctor(UInt32 uint_2, String name, String description, String type, String string_13, Int32 int_17, Int32 int_18, Int32 int_19, String string_14, String string_15, Int32 int_20, List`1 list_18, Boolean bool_13, Boolean bool_14, Boolean bool_15, Boolean bool_16, RoomIcon class29_1, String string_16, String string_17, String string_18, String string_19, RoomData class27_1, Boolean bool_17, Int32 int_21, Int32 int_22, UInt32 uint_3, Boolean HideOwner, Boolean allRights) in C:\Users\Administrator\Desktop\AI EMU_CRACKED\HabboHotel\Rooms\Room.cs:Zeile 482.
   bei GoldTree.HabboHotel.Rooms.RoomManager.method_15(UInt32 uint_0) in C:\Users\Administrator\Desktop\AI EMU_CRACKED\HabboHotel\Rooms\RoomManager.cs:Zeile 430.

09.01.2020 19:36:52: System.ArgumentOutOfRangeException: Der Index und die L?nge m?ssen sich auf eine Position in der Zeichenfolge beziehen.
Parametername: length
   bei System.String.Substring(Int32 startIndex, Int32 length)
   bei GoldTree.HabboHotel.Rooms.RoomModel..ctor(String string_3, Int32 int_6, Int32 int_7, Double double_2, Int32 int_8, String string_4, String string_5, Boolean bool_1) in C:\Users\Administrator\Desktop\AI EMU_CRACKED\HabboHotel\Rooms\RoomModel.cs:Zeile 52.

10.01.2020 02:15:03: System.ArgumentOutOfRangeException: Der Index und die L?nge m?ssen sich auf eine Position in der Zeichenfolge beziehen.
Parametername: length
   bei System.String.Substring(Int32 startIndex, Int32 length)
   bei GoldTree.HabboHotel.Rooms.RoomModel..ctor(String string_3, Int32 int_6, Int32 int_7, Double double_2, Int32 int_8, String string_4, String string_5, Boolean bool_1) in C:\Users\Administrator\Desktop\AI EMU_CRACKED\HabboHotel\Rooms\RoomModel.cs:Zeile 52.

10.01.2020 02:15:13: System.ArgumentOutOfRangeException: Der Index und die L?nge m?ssen sich auf eine Position in der Zeichenfolge beziehen.
Parametername: length
   bei System.String.Substring(Int32 startIndex, Int32 length)
   bei GoldTree.HabboHotel.Rooms.RoomModel..ctor(String string_3, Int32 int_6, Int32 int_7, Double double_2, Int32 int_8, String string_4, String string_5, Boolean bool_1) in C:\Users\Administrator\Desktop\AI EMU_CRACKED\HabboHotel\Rooms\RoomModel.cs:Zeile 52.

10.01.2020 02:39:12: System.ArgumentOutOfRangeException: Der Index und die L?nge m?ssen sich auf eine Position in der Zeichenfolge beziehen.
Parametername: length
   bei System.String.Substring(Int32 startIndex, Int32 length)
   bei GoldTree.HabboHotel.Rooms.RoomModel..ctor(String string_3, Int32 int_6, Int32 int_7, Double double_2, Int32 int_8, String string_4, String string_5, Boolean bool_1) in C:\Users\Administrator\Desktop\AI EMU_CRACKED\HabboHotel\Rooms\RoomModel.cs:Zeile 52.

10.01.2020 17:24:15: System.ArgumentOutOfRangeException: Der Index und die L?nge m?ssen sich auf eine Position in der Zeichenfolge beziehen.
Parametername: length
   bei System.String.Substring(Int32 startIndex, Int32 length)
   bei GoldTree.HabboHotel.Rooms.RoomModel..ctor(String string_3, Int32 int_6, Int32 int_7, Double double_2, Int32 int_8, String string_4, String string_5, Boolean bool_1) in C:\Users\Administrator\Desktop\AI EMU_CRACKED\HabboHotel\Rooms\RoomModel.cs:Zeile 52.

10.01.2020 17:26:39: System.ArgumentOutOfRangeException: Der Index und die L?nge m?ssen sich auf eine Position in der Zeichenfolge beziehen.
Parametername: length
   bei System.String.Substring(Int32 startIndex, Int32 length)
   bei GoldTree.HabboHotel.Rooms.RoomModel..ctor(String string_3, Int32 int_6, Int32 int_7, Double double_2, Int32 int_8, String string_4, String string_5, Boolean bool_1) in C:\Users\Administrator\Desktop\AI EMU_CRACKED\HabboHotel\Rooms\RoomModel.cs:Zeile 52.

10.01.2020 17:28:05: System.ArgumentOutOfRangeException: Der Index und die L?nge m?ssen sich auf eine Position in der Zeichenfolge beziehen.
Parametername: length
   bei System.String.Substring(Int32 startIndex, Int32 length)
   bei GoldTree.HabboHotel.Rooms.RoomModel..ctor(String string_3, Int32 int_6, Int32 int_7, Double double_2, Int32 int_8, String string_4, String string_5, Boolean bool_1) in C:\Users\Administrator\Desktop\AI EMU_CRACKED\HabboHotel\Rooms\RoomModel.cs:Zeile 52.

11.01.2020 00:14:54: System.ArgumentOutOfRangeException: Der Index und die L?nge m?ssen sich auf eine Position in der Zeichenfolge beziehen.
Parametername: length
   bei System.String.Substring(Int32 startIndex, Int32 length)
   bei GoldTree.HabboHotel.Rooms.RoomModel..ctor(String string_3, Int32 int_6, Int32 int_7, Double double_2, Int32 int_8, String string_4, String string_5, Boolean bool_1) in C:\Users\Administrator\Desktop\AI EMU_CRACKED\HabboHotel\Rooms\RoomModel.cs:Zeile 52.

11.01.2020 00:24:06: System.ArgumentOutOfRangeException: Der Index und die L?nge m?ssen sich auf eine Position in der Zeichenfolge beziehen.
Parametername: length
   bei System.String.Substring(Int32 startIndex, Int32 length)
   bei GoldTree.HabboHotel.Rooms.RoomModel..ctor(String string_3, Int32 int_6, Int32 int_7, Double double_2, Int32 int_8, String string_4, String string_5, Boolean bool_1) in C:\Users\Administrator\Desktop\AI EMU_CRACKED\HabboHotel\Rooms\RoomModel.cs:Zeile 52.

11.01.2020 00:31:08: System.ArgumentOutOfRangeException: Der Index und die L?nge m?ssen sich auf eine Position in der Zeichenfolge beziehen.
Parametername: length
   bei System.String.Substring(Int32 startIndex, Int32 length)
   bei GoldTree.HabboHotel.Rooms.RoomModel..ctor(String string_3, Int32 int_6, Int32 int_7, Double double_2, Int32 int_8, String string_4, String string_5, Boolean bool_1) in C:\Users\Administrator\Desktop\AI EMU_CRACKED\HabboHotel\Rooms\RoomModel.cs:Zeile 52.

11.01.2020 19:48:43: System.ArgumentOutOfRangeException: Der Index und die L?nge m?ssen sich auf eine Position in der Zeichenfolge beziehen.
Parametername: length
   bei System.String.Substring(Int32 startIndex, Int32 length)
   bei GoldTree.HabboHotel.Rooms.RoomModel..ctor(String string_3, Int32 int_6, Int32 int_7, Double double_2, Int32 int_8, String string_4, String string_5, Boolean bool_1) in C:\Users\Administrator\Desktop\AI EMU_CRACKED\HabboHotel\Rooms\RoomModel.cs:Zeile 52.

11.01.2020 22:58:49: System.ArgumentOutOfRangeException: Der Index und die L?nge m?ssen sich auf eine Position in der Zeichenfolge beziehen.
Parametername: length
   bei System.String.Substring(Int32 startIndex, Int32 length)
   bei GoldTree.HabboHotel.Rooms.RoomModel..ctor(String string_3, Int32 int_6, Int32 int_7, Double double_2, Int32 int_8, String string_4, String string_5, Boolean bool_1) in C:\Users\Administrator\Desktop\AI EMU_CRACKED\HabboHotel\Rooms\RoomModel.cs:Zeile 52.

12.01.2020 00:32:14: System.ArgumentOutOfRangeException: Der Index und die L?nge m?ssen sich auf eine Position in der Zeichenfolge beziehen.
Parametername: length
   bei System.String.Substring(Int32 startIndex, Int32 length)
   bei GoldTree.HabboHotel.Rooms.RoomModel..ctor(String string_3, Int32 int_6, Int32 int_7, Double double_2, Int32 int_8, String string_4, String string_5, Boolean bool_1) in C:\Users\Administrator\Desktop\AI EMU_CRACKED\HabboHotel\Rooms\RoomModel.cs:Zeile 52.

12.01.2020 00:32:26: System.ArgumentOutOfRangeException: Der Index und die L?nge m?ssen sich auf eine Position in der Zeichenfolge beziehen.
Parametername: length
   bei System.String.Substring(Int32 startIndex, Int32 length)
   bei GoldTree.HabboHotel.Rooms.RoomModel..ctor(String string_3, Int32 int_6, Int32 int_7, Double double_2, Int32 int_8, String string_4, String string_5, Boolean bool_1) in C:\Users\Administrator\Desktop\AI EMU_CRACKED\HabboHotel\Rooms\RoomModel.cs:Zeile 52.

12.01.2020 00:33:07: System.NullReferenceException: Der Objektverweis wurde nicht auf eine Objektinstanz festgelegt.
   bei GoldTree.HabboHotel.Items.RoomItem..ctor(UInt32 uint_5, UInt32 uint_6, UInt32 uint_7, String string_8, Int32 int_5, Int32 int_6, Double double_1, Int32 int_7, String string_9, Room class14_1) in C:\Users\Administrator\Desktop\AI EMU_CRACKED\HabboHotel\Items\RoomItem.cs:Zeile 412.
   bei GoldTree.HabboHotel.Rooms.Room.method_25() in C:\Users\Administrator\Desktop\AI EMU_CRACKED\HabboHotel\Rooms\Room.cs:Zeile 2918.
   bei GoldTree.HabboHotel.Rooms.Room..ctor(UInt32 uint_2, String name, String description, String type, String string_13, Int32 int_17, Int32 int_18, Int32 int_19, String string_14, String string_15, Int32 int_20, List`1 list_18, Boolean bool_13, Boolean bool_14, Boolean bool_15, Boolean bool_16, RoomIcon class29_1, String string_16, String string_17, String string_18, String string_19, RoomData class27_1, Boolean bool_17, Int32 int_21, Int32 int_22, UInt32 uint_3, Boolean HideOwner, Boolean allRights) in C:\Users\Administrator\Desktop\AI EMU_CRACKED\HabboHotel\Rooms\Room.cs:Zeile 482.
   bei GoldTree.HabboHotel.Rooms.RoomManager.method_15(UInt32 uint_0) in C:\Users\Administrator\Desktop\AI EMU_CRACKED\HabboHotel\Rooms\RoomManager.cs:Zeile 430.

12.01.2020 00:33:17: System.NullReferenceException: Der Objektverweis wurde nicht auf eine Objektinstanz festgelegt.
   bei GoldTree.HabboHotel.Items.RoomItem..ctor(UInt32 uint_5, UInt32 uint_6, UInt32 uint_7, String string_8, Int32 int_5, Int32 int_6, Double double_1, Int32 int_7, String string_9, Room class14_1) in C:\Users\Administrator\Desktop\AI EMU_CRACKED\HabboHotel\Items\RoomItem.cs:Zeile 412.
   bei GoldTree.HabboHotel.Rooms.Room.method_25() in C:\Users\Administrator\Desktop\AI EMU_CRACKED\HabboHotel\Rooms\Room.cs:Zeile 2918.
   bei GoldTree.HabboHotel.Rooms.Room..ctor(UInt32 uint_2, String name, String description, String type, String string_13, Int32 int_17, Int32 int_18, Int32 int_19, String string_14, String string_15, Int32 int_20, List`1 list_18, Boolean bool_13, Boolean bool_14, Boolean bool_15, Boolean bool_16, RoomIcon class29_1, String string_16, String string_17, String string_18, String string_19, RoomData class27_1, Boolean bool_17, Int32 int_21, Int32 int_22, UInt32 uint_3, Boolean HideOwner, Boolean allRights) in C:\Users\Administrator\Desktop\AI EMU_CRACKED\HabboHotel\Rooms\Room.cs:Zeile 482.
   bei GoldTree.HabboHotel.Rooms.RoomManager.method_15(UInt32 uint_0) in C:\Users\Administrator\Desktop\AI EMU_CRACKED\HabboHotel\Rooms\RoomManager.cs:Zeile 430.

12.01.2020 00:33:28: System.NullReferenceException: Der Objektverweis wurde nicht auf eine Objektinstanz festgelegt.
   bei GoldTree.HabboHotel.Items.RoomItem..ctor(UInt32 uint_5, UInt32 uint_6, UInt32 uint_7, String string_8, Int32 int_5, Int32 int_6, Double double_1, Int32 int_7, String string_9, Room class14_1) in C:\Users\Administrator\Desktop\AI EMU_CRACKED\HabboHotel\Items\RoomItem.cs:Zeile 412.
   bei GoldTree.HabboHotel.Rooms.Room.method_25() in C:\Users\Administrator\Desktop\AI EMU_CRACKED\HabboHotel\Rooms\Room.cs:Zeile 2918.
   bei GoldTree.HabboHotel.Rooms.Room..ctor(UInt32 uint_2, String name, String description, String type, String string_13, Int32 int_17, Int32 int_18, Int32 int_19, String string_14, String string_15, Int32 int_20, List`1 list_18, Boolean bool_13, Boolean bool_14, Boolean bool_15, Boolean bool_16, RoomIcon class29_1, String string_16, String string_17, String string_18, String string_19, RoomData class27_1, Boolean bool_17, Int32 int_21, Int32 int_22, UInt32 uint_3, Boolean HideOwner, Boolean allRights) in C:\Users\Administrator\Desktop\AI EMU_CRACKED\HabboHotel\Rooms\Room.cs:Zeile 482.
   bei GoldTree.HabboHotel.Rooms.RoomManager.method_15(UInt32 uint_0) in C:\Users\Administrator\Desktop\AI EMU_CRACKED\HabboHotel\Rooms\RoomManager.cs:Zeile 430.

12.01.2020 00:47:23: System.ArgumentOutOfRangeException: Der Index und die L?nge m?ssen sich auf eine Position in der Zeichenfolge beziehen.
Parametername: length
   bei System.String.Substring(Int32 startIndex, Int32 length)
   bei GoldTree.HabboHotel.Rooms.RoomModel..ctor(String string_3, Int32 int_6, Int32 int_7, Double double_2, Int32 int_8, String string_4, String string_5, Boolean bool_1) in C:\Users\Administrator\Desktop\AI EMU_CRACKED\HabboHotel\Rooms\RoomModel.cs:Zeile 52.

12.01.2020 00:54:08: System.ArgumentOutOfRangeException: Der Index und die L?nge m?ssen sich auf eine Position in der Zeichenfolge beziehen.
Parametername: length
   bei System.String.Substring(Int32 startIndex, Int32 length)
   bei GoldTree.HabboHotel.Rooms.RoomModel..ctor(String string_3, Int32 int_6, Int32 int_7, Double double_2, Int32 int_8, String string_4, String string_5, Boolean bool_1) in C:\Users\Administrator\Desktop\AI EMU_CRACKED\HabboHotel\Rooms\RoomModel.cs:Zeile 52.

12.01.2020 00:56:29: System.ArgumentOutOfRangeException: Der Index und die L?nge m?ssen sich auf eine Position in der Zeichenfolge beziehen.
Parametername: length
   bei System.String.Substring(Int32 startIndex, Int32 length)
   bei GoldTree.HabboHotel.Rooms.RoomModel..ctor(String string_3, Int32 int_6, Int32 int_7, Double double_2, Int32 int_8, String string_4, String string_5, Boolean bool_1) in C:\Users\Administrator\Desktop\AI EMU_CRACKED\HabboHotel\Rooms\RoomModel.cs:Zeile 52.

12.01.2020 01:20:02: System.ArgumentOutOfRangeException: Der Index und die L?nge m?ssen sich auf eine Position in der Zeichenfolge beziehen.
Parametername: length
   bei System.String.Substring(Int32 startIndex, Int32 length)
   bei GoldTree.HabboHotel.Rooms.RoomModel..ctor(String string_3, Int32 int_6, Int32 int_7, Double double_2, Int32 int_8, String string_4, String string_5, Boolean bool_1) in C:\Users\Administrator\Desktop\AI EMU_CRACKED\HabboHotel\Rooms\RoomModel.cs:Zeile 52.

12.01.2020 01:23:31: System.ArgumentOutOfRangeException: Der Index und die L?nge m?ssen sich auf eine Position in der Zeichenfolge beziehen.
Parametername: length
   bei System.String.Substring(Int32 startIndex, Int32 length)
   bei GoldTree.HabboHotel.Rooms.RoomModel..ctor(String string_3, Int32 int_6, Int32 int_7, Double double_2, Int32 int_8, String string_4, String string_5, Boolean bool_1) in C:\Users\Administrator\Desktop\AI EMU_CRACKED\HabboHotel\Rooms\RoomModel.cs:Zeile 52.

12.01.2020 01:32:54: System.NullReferenceException: Der Objektverweis wurde nicht auf eine Objektinstanz festgelegt.
   bei GoldTree.HabboHotel.Items.RoomItem..ctor(UInt32 uint_5, UInt32 uint_6, UInt32 uint_7, String string_8, Int32 int_5, Int32 int_6, Double double_1, Int32 int_7, String string_9, Room class14_1) in C:\Users\Administrator\Desktop\AI EMU_CRACKED\HabboHotel\Items\RoomItem.cs:Zeile 412.
   bei GoldTree.HabboHotel.Rooms.Room.method_25() in C:\Users\Administrator\Desktop\AI EMU_CRACKED\HabboHotel\Rooms\Room.cs:Zeile 2918.
   bei GoldTree.HabboHotel.Rooms.Room..ctor(UInt32 uint_2, String name, String description, String type, String string_13, Int32 int_17, Int32 int_18, Int32 int_19, String string_14, String string_15, Int32 int_20, List`1 list_18, Boolean bool_13, Boolean bool_14, Boolean bool_15, Boolean bool_16, RoomIcon class29_1, String string_16, String string_17, String string_18, String string_19, RoomData class27_1, Boolean bool_17, Int32 int_21, Int32 int_22, UInt32 uint_3, Boolean HideOwner, Boolean allRights) in C:\Users\Administrator\Desktop\AI EMU_CRACKED\HabboHotel\Rooms\Room.cs:Zeile 482.
   bei GoldTree.HabboHotel.Rooms.RoomManager.method_15(UInt32 uint_0) in C:\Users\Administrator\Desktop\AI EMU_CRACKED\HabboHotel\Rooms\RoomManager.cs:Zeile 430.

12.01.2020 02:15:31: System.NullReferenceException: Der Objektverweis wurde nicht auf eine Objektinstanz festgelegt.
   bei GoldTree.HabboHotel.Items.RoomItem..ctor(UInt32 uint_5, UInt32 uint_6, UInt32 uint_7, String string_8, Int32 int_5, Int32 int_6, Double double_1, Int32 int_7, String string_9, Room class14_1) in C:\Users\Administrator\Desktop\AI EMU_CRACKED\HabboHotel\Items\RoomItem.cs:Zeile 412.
   bei GoldTree.HabboHotel.Rooms.Room.method_25() in C:\Users\Administrator\Desktop\AI EMU_CRACKED\HabboHotel\Rooms\Room.cs:Zeile 2918.
   bei GoldTree.HabboHotel.Rooms.Room..ctor(UInt32 uint_2, String name, String description, String type, String string_13, Int32 int_17, Int32 int_18, Int32 int_19, String string_14, String string_15, Int32 int_20, List`1 list_18, Boolean bool_13, Boolean bool_14, Boolean bool_15, Boolean bool_16, RoomIcon class29_1, String string_16, String string_17, String string_18, String string_19, RoomData class27_1, Boolean bool_17, Int32 int_21, Int32 int_22, UInt32 uint_3, Boolean HideOwner, Boolean allRights) in C:\Users\Administrator\Desktop\AI EMU_CRACKED\HabboHotel\Rooms\Room.cs:Zeile 482.
   bei GoldTree.HabboHotel.Rooms.RoomManager.method_15(UInt32 uint_0) in C:\Users\Administrator\Desktop\AI EMU_CRACKED\HabboHotel\Rooms\RoomManager.cs:Zeile 430.

12.01.2020 02:22:31: System.ArgumentOutOfRangeException: Der Index und die L?nge m?ssen sich auf eine Position in der Zeichenfolge beziehen.
Parametername: length
   bei System.String.Substring(Int32 startIndex, Int32 length)
   bei GoldTree.HabboHotel.Rooms.RoomModel..ctor(String string_3, Int32 int_6, Int32 int_7, Double double_2, Int32 int_8, String string_4, String string_5, Boolean bool_1) in C:\Users\Administrator\Desktop\AI EMU_CRACKED\HabboHotel\Rooms\RoomModel.cs:Zeile 52.

12.01.2020 03:02:35: System.ArgumentOutOfRangeException: Der Index und die L?nge m?ssen sich auf eine Position in der Zeichenfolge beziehen.
Parametername: length
   bei System.String.Substring(Int32 startIndex, Int32 length)
   bei GoldTree.HabboHotel.Rooms.RoomModel..ctor(String string_3, Int32 int_6, Int32 int_7, Double double_2, Int32 int_8, String string_4, String string_5, Boolean bool_1) in C:\Users\Administrator\Desktop\AI EMU_CRACKED\HabboHotel\Rooms\RoomModel.cs:Zeile 52.

12.01.2020 20:47:30: System.ArgumentOutOfRangeException: Der Index und die L?nge m?ssen sich auf eine Position in der Zeichenfolge beziehen.
Parametername: length
   bei System.String.Substring(Int32 startIndex, Int32 length)
   bei GoldTree.HabboHotel.Rooms.RoomModel..ctor(String string_3, Int32 int_6, Int32 int_7, Double double_2, Int32 int_8, String string_4, String string_5, Boolean bool_1) in C:\Users\Administrator\Desktop\AI EMU_CRACKED\HabboHotel\Rooms\RoomModel.cs:Zeile 52.

12.01.2020 21:13:43: System.ArgumentOutOfRangeException: Der Index und die L?nge m?ssen sich auf eine Position in der Zeichenfolge beziehen.
Parametername: length
   bei System.String.Substring(Int32 startIndex, Int32 length)
   bei GoldTree.HabboHotel.Rooms.RoomModel..ctor(String string_3, Int32 int_6, Int32 int_7, Double double_2, Int32 int_8, String string_4, String string_5, Boolean bool_1) in C:\Users\Administrator\Desktop\AI EMU_CRACKED\HabboHotel\Rooms\RoomModel.cs:Zeile 52.

12.01.2020 21:52:16: System.ArgumentOutOfRangeException: Der Index und die L?nge m?ssen sich auf eine Position in der Zeichenfolge beziehen.
Parametername: length
   bei System.String.Substring(Int32 startIndex, Int32 length)
   bei GoldTree.HabboHotel.Rooms.RoomModel..ctor(String string_3, Int32 int_6, Int32 int_7, Double double_2, Int32 int_8, String string_4, String string_5, Boolean bool_1) in C:\Users\Administrator\Desktop\AI EMU_CRACKED\HabboHotel\Rooms\RoomModel.cs:Zeile 52.

12.01.2020 22:04:14: System.ArgumentOutOfRangeException: Der Index und die L?nge m?ssen sich auf eine Position in der Zeichenfolge beziehen.
Parametername: length
   bei System.String.Substring(Int32 startIndex, Int32 length)
   bei GoldTree.HabboHotel.Rooms.RoomModel..ctor(String string_3, Int32 int_6, Int32 int_7, Double double_2, Int32 int_8, String string_4, String string_5, Boolean bool_1) in C:\Users\Administrator\Desktop\AI EMU_CRACKED\HabboHotel\Rooms\RoomModel.cs:Zeile 52.

12.01.2020 22:12:33: System.ArgumentOutOfRangeException: Der Index und die L?nge m?ssen sich auf eine Position in der Zeichenfolge beziehen.
Parametername: length
   bei System.String.Substring(Int32 startIndex, Int32 length)
   bei GoldTree.HabboHotel.Rooms.RoomModel..ctor(String string_3, Int32 int_6, Int32 int_7, Double double_2, Int32 int_8, String string_4, String string_5, Boolean bool_1) in C:\Users\Administrator\Desktop\AI EMU_CRACKED\HabboHotel\Rooms\RoomModel.cs:Zeile 52.

12.01.2020 22:25:36: System.ArgumentOutOfRangeException: Der Index und die L?nge m?ssen sich auf eine Position in der Zeichenfolge beziehen.
Parametername: length
   bei System.String.Substring(Int32 startIndex, Int32 length)
   bei GoldTree.HabboHotel.Rooms.RoomModel..ctor(String string_3, Int32 int_6, Int32 int_7, Double double_2, Int32 int_8, String string_4, String string_5, Boolean bool_1) in C:\Users\Administrator\Desktop\AI EMU_CRACKED\HabboHotel\Rooms\RoomModel.cs:Zeile 52.

12.01.2020 22:27:42: System.ArgumentOutOfRangeException: Der Index und die L?nge m?ssen sich auf eine Position in der Zeichenfolge beziehen.
Parametername: length
   bei System.String.Substring(Int32 startIndex, Int32 length)
   bei GoldTree.HabboHotel.Rooms.RoomModel..ctor(String string_3, Int32 int_6, Int32 int_7, Double double_2, Int32 int_8, String string_4, String string_5, Boolean bool_1) in C:\Users\Administrator\Desktop\AI EMU_CRACKED\HabboHotel\Rooms\RoomModel.cs:Zeile 52.

12.01.2020 22:30:06: System.ArgumentOutOfRangeException: Der Index und die L?nge m?ssen sich auf eine Position in der Zeichenfolge beziehen.
Parametername: length
   bei System.String.Substring(Int32 startIndex, Int32 length)
   bei GoldTree.HabboHotel.Rooms.RoomModel..ctor(String string_3, Int32 int_6, Int32 int_7, Double double_2, Int32 int_8, String string_4, String string_5, Boolean bool_1) in C:\Users\Administrator\Desktop\AI EMU_CRACKED\HabboHotel\Rooms\RoomModel.cs:Zeile 52.

12.01.2020 22:31:40: System.ArgumentOutOfRangeException: Der Index und die L?nge m?ssen sich auf eine Position in der Zeichenfolge beziehen.
Parametername: length
   bei System.String.Substring(Int32 startIndex, Int32 length)
   bei GoldTree.HabboHotel.Rooms.RoomModel..ctor(String string_3, Int32 int_6, Int32 int_7, Double double_2, Int32 int_8, String string_4, String string_5, Boolean bool_1) in C:\Users\Administrator\Desktop\AI EMU_CRACKED\HabboHotel\Rooms\RoomModel.cs:Zeile 52.

12.01.2020 22:33:17: System.ArgumentOutOfRangeException: Der Index und die L?nge m?ssen sich auf eine Position in der Zeichenfolge beziehen.
Parametername: length
   bei System.String.Substring(Int32 startIndex, Int32 length)
   bei GoldTree.HabboHotel.Rooms.RoomModel..ctor(String string_3, Int32 int_6, Int32 int_7, Double double_2, Int32 int_8, String string_4, String string_5, Boolean bool_1) in C:\Users\Administrator\Desktop\AI EMU_CRACKED\HabboHotel\Rooms\RoomModel.cs:Zeile 52.

12.01.2020 23:02:07: System.ArgumentOutOfRangeException: Der Index und die L?nge m?ssen sich auf eine Position in der Zeichenfolge beziehen.
Parametername: length
   bei System.String.Substring(Int32 startIndex, Int32 length)
   bei GoldTree.HabboHotel.Rooms.RoomModel..ctor(String string_3, Int32 int_6, Int32 int_7, Double double_2, Int32 int_8, String string_4, String string_5, Boolean bool_1) in C:\Users\Administrator\Desktop\AI EMU_CRACKED\HabboHotel\Rooms\RoomModel.cs:Zeile 52.

12.01.2020 23:03:45: System.ArgumentOutOfRangeException: Der Index und die L?nge m?ssen sich auf eine Position in der Zeichenfolge beziehen.
Parametername: length
   bei System.String.Substring(Int32 startIndex, Int32 length)
   bei GoldTree.HabboHotel.Rooms.RoomModel..ctor(String string_3, Int32 int_6, Int32 int_7, Double double_2, Int32 int_8, String string_4, String string_5, Boolean bool_1) in C:\Users\Administrator\Desktop\AI EMU_CRACKED\HabboHotel\Rooms\RoomModel.cs:Zeile 52.

13.01.2020 11:48:21: System.ArgumentOutOfRangeException: Der Index und die L?nge m?ssen sich auf eine Position in der Zeichenfolge beziehen.
Parametername: length
   bei System.String.Substring(Int32 startIndex, Int32 length)
   bei GoldTree.HabboHotel.Rooms.RoomModel..ctor(String string_3, Int32 int_6, Int32 int_7, Double double_2, Int32 int_8, String string_4, String string_5, Boolean bool_1) in C:\Users\Administrator\Desktop\AI EMU_CRACKED\HabboHotel\Rooms\RoomModel.cs:Zeile 52.

13.01.2020 12:15:16: System.ArgumentOutOfRangeException: Der Index und die L?nge m?ssen sich auf eine Position in der Zeichenfolge beziehen.
Parametername: length
   bei System.String.Substring(Int32 startIndex, Int32 length)
   bei GoldTree.HabboHotel.Rooms.RoomModel..ctor(String string_3, Int32 int_6, Int32 int_7, Double double_2, Int32 int_8, String string_4, String string_5, Boolean bool_1) in C:\Users\Administrator\Desktop\AI EMU_CRACKED\HabboHotel\Rooms\RoomModel.cs:Zeile 52.

13.01.2020 12:15:43: System.ArgumentOutOfRangeException: Der Index und die L?nge m?ssen sich auf eine Position in der Zeichenfolge beziehen.
Parametername: length
   bei System.String.Substring(Int32 startIndex, Int32 length)
   bei GoldTree.HabboHotel.Rooms.RoomModel.method_2() in C:\Users\Administrator\Desktop\AI EMU_CRACKED\HabboHotel\Rooms\RoomModel.cs:Zeile 172.

13.01.2020 12:16:58: System.ArgumentOutOfRangeException: Der Index und die L?nge m?ssen sich auf eine Position in der Zeichenfolge beziehen.
Parametername: length
   bei System.String.Substring(Int32 startIndex, Int32 length)
   bei GoldTree.HabboHotel.Rooms.RoomModel..ctor(String string_3, Int32 int_6, Int32 int_7, Double double_2, Int32 int_8, String string_4, String string_5, Boolean bool_1) in C:\Users\Administrator\Desktop\AI EMU_CRACKED\HabboHotel\Rooms\RoomModel.cs:Zeile 52.

13.01.2020 12:18:41: System.ArgumentOutOfRangeException: Der Index und die L?nge m?ssen sich auf eine Position in der Zeichenfolge beziehen.
Parametername: length
   bei System.String.Substring(Int32 startIndex, Int32 length)
   bei GoldTree.HabboHotel.Rooms.RoomModel..ctor(String string_3, Int32 int_6, Int32 int_7, Double double_2, Int32 int_8, String string_4, String string_5, Boolean bool_1) in C:\Users\Administrator\Desktop\AI EMU_CRACKED\HabboHotel\Rooms\RoomModel.cs:Zeile 52.

13.01.2020 12:28:09: System.ArgumentOutOfRangeException: Der Index und die L?nge m?ssen sich auf eine Position in der Zeichenfolge beziehen.
Parametername: length
   bei System.String.Substring(Int32 startIndex, Int32 length)
   bei GoldTree.HabboHotel.Rooms.RoomModel..ctor(String string_3, Int32 int_6, Int32 int_7, Double double_2, Int32 int_8, String string_4, String string_5, Boolean bool_1) in C:\Users\Administrator\Desktop\AI EMU_CRACKED\HabboHotel\Rooms\RoomModel.cs:Zeile 52.

13.01.2020 12:29:07: System.ArgumentOutOfRangeException: Der Index und die L?nge m?ssen sich auf eine Position in der Zeichenfolge beziehen.
Parametername: length
   bei System.String.Substring(Int32 startIndex, Int32 length)
   bei GoldTree.HabboHotel.Rooms.RoomModel..ctor(String string_3, Int32 int_6, Int32 int_7, Double double_2, Int32 int_8, String string_4, String string_5, Boolean bool_1) in C:\Users\Administrator\Desktop\AI EMU_CRACKED\HabboHotel\Rooms\RoomModel.cs:Zeile 52.

13.01.2020 13:26:25: System.ArgumentOutOfRangeException: Der Index und die L?nge m?ssen sich auf eine Position in der Zeichenfolge beziehen.
Parametername: length
   bei System.String.Substring(Int32 startIndex, Int32 length)
   bei GoldTree.HabboHotel.Rooms.RoomModel..ctor(String string_3, Int32 int_6, Int32 int_7, Double double_2, Int32 int_8, String string_4, String string_5, Boolean bool_1) in C:\Users\Administrator\Desktop\AI EMU_CRACKED\HabboHotel\Rooms\RoomModel.cs:Zeile 52.

13.01.2020 14:40:15: System.ArgumentOutOfRangeException: Der Index und die L?nge m?ssen sich auf eine Position in der Zeichenfolge beziehen.
Parametername: length
   bei System.String.Substring(Int32 startIndex, Int32 length)
   bei GoldTree.HabboHotel.Rooms.RoomModel..ctor(String string_3, Int32 int_6, Int32 int_7, Double double_2, Int32 int_8, String string_4, String string_5, Boolean bool_1) in C:\Users\Administrator\Desktop\AI EMU_CRACKED\HabboHotel\Rooms\RoomModel.cs:Zeile 52.

13.01.2020 14:44:40: System.ArgumentOutOfRangeException: Der Index und die L?nge m?ssen sich auf eine Position in der Zeichenfolge beziehen.
Parametername: length
   bei System.String.Substring(Int32 startIndex, Int32 length)
   bei GoldTree.HabboHotel.Rooms.RoomModel..ctor(String string_3, Int32 int_6, Int32 int_7, Double double_2, Int32 int_8, String string_4, String string_5, Boolean bool_1) in C:\Users\Administrator\Desktop\AI EMU_CRACKED\HabboHotel\Rooms\RoomModel.cs:Zeile 52.

13.01.2020 14:46:15: System.ArgumentOutOfRangeException: Der Index und die L?nge m?ssen sich auf eine Position in der Zeichenfolge beziehen.
Parametername: length
   bei System.String.Substring(Int32 startIndex, Int32 length)
   bei GoldTree.HabboHotel.Rooms.RoomModel..ctor(String string_3, Int32 int_6, Int32 int_7, Double double_2, Int32 int_8, String string_4, String string_5, Boolean bool_1) in C:\Users\Administrator\Desktop\AI EMU_CRACKED\HabboHotel\Rooms\RoomModel.cs:Zeile 52.

13.01.2020 14:50:10: System.ArgumentOutOfRangeException: Der Index und die L?nge m?ssen sich auf eine Position in der Zeichenfolge beziehen.
Parametername: length
   bei System.String.Substring(Int32 startIndex, Int32 length)
   bei GoldTree.HabboHotel.Rooms.RoomModel..ctor(String string_3, Int32 int_6, Int32 int_7, Double double_2, Int32 int_8, String string_4, String string_5, Boolean bool_1) in C:\Users\Administrator\Desktop\AI EMU_CRACKED\HabboHotel\Rooms\RoomModel.cs:Zeile 52.

13.01.2020 15:25:18: System.ArgumentOutOfRangeException: Der Index und die L?nge m?ssen sich auf eine Position in der Zeichenfolge beziehen.
Parametername: length
   bei System.String.Substring(Int32 startIndex, Int32 length)
   bei GoldTree.HabboHotel.Rooms.RoomModel..ctor(String string_3, Int32 int_6, Int32 int_7, Double double_2, Int32 int_8, String string_4, String string_5, Boolean bool_1) in C:\Users\Administrator\Desktop\AI EMU_CRACKED\HabboHotel\Rooms\RoomModel.cs:Zeile 52.

13.01.2020 16:58:26: System.ArgumentOutOfRangeException: Der Index und die L?nge m?ssen sich auf eine Position in der Zeichenfolge beziehen.
Parametername: length
   bei System.String.Substring(Int32 startIndex, Int32 length)
   bei GoldTree.HabboHotel.Rooms.RoomModel..ctor(String string_3, Int32 int_6, Int32 int_7, Double double_2, Int32 int_8, String string_4, String string_5, Boolean bool_1) in C:\Users\Administrator\Desktop\AI EMU_CRACKED\HabboHotel\Rooms\RoomModel.cs:Zeile 52.

13.01.2020 17:53:10: System.ArgumentOutOfRangeException: Der Index und die L?nge m?ssen sich auf eine Position in der Zeichenfolge beziehen.
Parametername: length
   bei System.String.Substring(Int32 startIndex, Int32 length)
   bei GoldTree.HabboHotel.Rooms.RoomModel..ctor(String string_3, Int32 int_6, Int32 int_7, Double double_2, Int32 int_8, String string_4, String string_5, Boolean bool_1) in C:\Users\Administrator\Desktop\AI EMU_CRACKED\HabboHotel\Rooms\RoomModel.cs:Zeile 52.

13.01.2020 17:56:43: System.ArgumentOutOfRangeException: Der Index und die L?nge m?ssen sich auf eine Position in der Zeichenfolge beziehen.
Parametername: length
   bei System.String.Substring(Int32 startIndex, Int32 length)
   bei GoldTree.HabboHotel.Rooms.RoomModel..ctor(String string_3, Int32 int_6, Int32 int_7, Double double_2, Int32 int_8, String string_4, String string_5, Boolean bool_1) in C:\Users\Administrator\Desktop\AI EMU_CRACKED\HabboHotel\Rooms\RoomModel.cs:Zeile 52.

13.01.2020 19:07:56: System.ArgumentOutOfRangeException: Der Index und die L?nge m?ssen sich auf eine Position in der Zeichenfolge beziehen.
Parametername: length
   bei System.String.Substring(Int32 startIndex, Int32 length)
   bei GoldTree.HabboHotel.Rooms.RoomModel..ctor(String string_3, Int32 int_6, Int32 int_7, Double double_2, Int32 int_8, String string_4, String string_5, Boolean bool_1) in C:\Users\Administrator\Desktop\AI EMU_CRACKED\HabboHotel\Rooms\RoomModel.cs:Zeile 52.

13.01.2020 20:32:40: System.ArgumentOutOfRangeException: Der Index und die L?nge m?ssen sich auf eine Position in der Zeichenfolge beziehen.
Parametername: length
   bei System.String.Substring(Int32 startIndex, Int32 length)
   bei GoldTree.HabboHotel.Rooms.RoomModel..ctor(String string_3, Int32 int_6, Int32 int_7, Double double_2, Int32 int_8, String string_4, String string_5, Boolean bool_1) in C:\Users\Administrator\Desktop\AI EMU_CRACKED\HabboHotel\Rooms\RoomModel.cs:Zeile 52.

13.01.2020 20:34:01: System.ArgumentOutOfRangeException: Der Index und die L?nge m?ssen sich auf eine Position in der Zeichenfolge beziehen.
Parametername: length
   bei System.String.Substring(Int32 startIndex, Int32 length)
   bei GoldTree.HabboHotel.Rooms.RoomModel..ctor(String string_3, Int32 int_6, Int32 int_7, Double double_2, Int32 int_8, String string_4, String string_5, Boolean bool_1) in C:\Users\Administrator\Desktop\AI EMU_CRACKED\HabboHotel\Rooms\RoomModel.cs:Zeile 52.

13.01.2020 23:24:00: System.ArgumentOutOfRangeException: Der Index und die L?nge m?ssen sich auf eine Position in der Zeichenfolge beziehen.
Parametername: length
   bei System.String.Substring(Int32 startIndex, Int32 length)
   bei GoldTree.HabboHotel.Rooms.RoomModel..ctor(String string_3, Int32 int_6, Int32 int_7, Double double_2, Int32 int_8, String string_4, String string_5, Boolean bool_1) in C:\Users\Administrator\Desktop\AI EMU_CRACKED\HabboHotel\Rooms\RoomModel.cs:Zeile 52.

13.01.2020 23:24:12: System.ArgumentOutOfRangeException: Der Index und die L?nge m?ssen sich auf eine Position in der Zeichenfolge beziehen.
Parametername: length
   bei System.String.Substring(Int32 startIndex, Int32 length)
   bei GoldTree.HabboHotel.Rooms.RoomModel..ctor(String string_3, Int32 int_6, Int32 int_7, Double double_2, Int32 int_8, String string_4, String string_5, Boolean bool_1) in C:\Users\Administrator\Desktop\AI EMU_CRACKED\HabboHotel\Rooms\RoomModel.cs:Zeile 52.

13.01.2020 23:47:47: System.ArgumentOutOfRangeException: Der Index und die L?nge m?ssen sich auf eine Position in der Zeichenfolge beziehen.
Parametername: length
   bei System.String.Substring(Int32 startIndex, Int32 length)
   bei GoldTree.HabboHotel.Rooms.RoomModel..ctor(String string_3, Int32 int_6, Int32 int_7, Double double_2, Int32 int_8, String string_4, String string_5, Boolean bool_1) in C:\Users\Administrator\Desktop\AI EMU_CRACKED\HabboHotel\Rooms\RoomModel.cs:Zeile 52.

13.01.2020 23:48:02: System.ArgumentOutOfRangeException: Der Index und die L?nge m?ssen sich auf eine Position in der Zeichenfolge beziehen.
Parametername: length
   bei System.String.Substring(Int32 startIndex, Int32 length)
   bei GoldTree.HabboHotel.Rooms.RoomModel..ctor(String string_3, Int32 int_6, Int32 int_7, Double double_2, Int32 int_8, String string_4, String string_5, Boolean bool_1) in C:\Users\Administrator\Desktop\AI EMU_CRACKED\HabboHotel\Rooms\RoomModel.cs:Zeile 52.

13.01.2020 23:53:47: System.ArgumentOutOfRangeException: Der Index und die L?nge m?ssen sich auf eine Position in der Zeichenfolge beziehen.
Parametername: length
   bei System.String.Substring(Int32 startIndex, Int32 length)
   bei GoldTree.HabboHotel.Rooms.RoomModel..ctor(String string_3, Int32 int_6, Int32 int_7, Double double_2, Int32 int_8, String string_4, String string_5, Boolean bool_1) in C:\Users\Administrator\Desktop\AI EMU_CRACKED\HabboHotel\Rooms\RoomModel.cs:Zeile 52.

13.01.2020 23:54:01: System.ArgumentOutOfRangeException: Der Index und die L?nge m?ssen sich auf eine Position in der Zeichenfolge beziehen.
Parametername: length
   bei System.String.Substring(Int32 startIndex, Int32 length)
   bei GoldTree.HabboHotel.Rooms.RoomModel..ctor(String string_3, Int32 int_6, Int32 int_7, Double double_2, Int32 int_8, String string_4, String string_5, Boolean bool_1) in C:\Users\Administrator\Desktop\AI EMU_CRACKED\HabboHotel\Rooms\RoomModel.cs:Zeile 52.

14.01.2020 00:03:39: System.ArgumentOutOfRangeException: Der Index und die L?nge m?ssen sich auf eine Position in der Zeichenfolge beziehen.
Parametername: length
   bei System.String.Substring(Int32 startIndex, Int32 length)
   bei GoldTree.HabboHotel.Rooms.RoomModel..ctor(String string_3, Int32 int_6, Int32 int_7, Double double_2, Int32 int_8, String string_4, String string_5, Boolean bool_1) in C:\Users\Administrator\Desktop\AI EMU_CRACKED\HabboHotel\Rooms\RoomModel.cs:Zeile 52.

14.01.2020 00:03:50: System.ArgumentOutOfRangeException: Der Index und die L?nge m?ssen sich auf eine Position in der Zeichenfolge beziehen.
Parametername: length
   bei System.String.Substring(Int32 startIndex, Int32 length)
   bei GoldTree.HabboHotel.Rooms.RoomModel..ctor(String string_3, Int32 int_6, Int32 int_7, Double double_2, Int32 int_8, String string_4, String string_5, Boolean bool_1) in C:\Users\Administrator\Desktop\AI EMU_CRACKED\HabboHotel\Rooms\RoomModel.cs:Zeile 52.

14.01.2020 00:06:36: System.ArgumentOutOfRangeException: Der Index und die L?nge m?ssen sich auf eine Position in der Zeichenfolge beziehen.
Parametername: length
   bei System.String.Substring(Int32 startIndex, Int32 length)
   bei GoldTree.HabboHotel.Rooms.RoomModel..ctor(String string_3, Int32 int_6, Int32 int_7, Double double_2, Int32 int_8, String string_4, String string_5, Boolean bool_1) in C:\Users\Administrator\Desktop\AI EMU_CRACKED\HabboHotel\Rooms\RoomModel.cs:Zeile 52.

14.01.2020 00:06:53: System.ArgumentOutOfRangeException: Der Index und die L?nge m?ssen sich auf eine Position in der Zeichenfolge beziehen.
Parametername: length
   bei System.String.Substring(Int32 startIndex, Int32 length)
   bei GoldTree.HabboHotel.Rooms.RoomModel..ctor(String string_3, Int32 int_6, Int32 int_7, Double double_2, Int32 int_8, String string_4, String string_5, Boolean bool_1) in C:\Users\Administrator\Desktop\AI EMU_CRACKED\HabboHotel\Rooms\RoomModel.cs:Zeile 52.

14.01.2020 00:22:22: System.ArgumentOutOfRangeException: Der Index und die L?nge m?ssen sich auf eine Position in der Zeichenfolge beziehen.
Parametername: length
   bei System.String.Substring(Int32 startIndex, Int32 length)
   bei GoldTree.HabboHotel.Rooms.RoomModel..ctor(String string_3, Int32 int_6, Int32 int_7, Double double_2, Int32 int_8, String string_4, String string_5, Boolean bool_1) in C:\Users\Administrator\Desktop\AI EMU_CRACKED\HabboHotel\Rooms\RoomModel.cs:Zeile 52.

14.01.2020 00:31:07: System.ArgumentOutOfRangeException: Der Index und die L?nge m?ssen sich auf eine Position in der Zeichenfolge beziehen.
Parametername: length
   bei System.String.Substring(Int32 startIndex, Int32 length)
   bei GoldTree.HabboHotel.Rooms.RoomModel..ctor(String string_3, Int32 int_6, Int32 int_7, Double double_2, Int32 int_8, String string_4, String string_5, Boolean bool_1) in C:\Users\Administrator\Desktop\AI EMU_CRACKED\HabboHotel\Rooms\RoomModel.cs:Zeile 52.

14.01.2020 04:00:31: System.ArgumentOutOfRangeException: Der Index und die L?nge m?ssen sich auf eine Position in der Zeichenfolge beziehen.
Parametername: length
   bei System.String.Substring(Int32 startIndex, Int32 length)
   bei GoldTree.HabboHotel.Rooms.RoomModel..ctor(String string_3, Int32 int_6, Int32 int_7, Double double_2, Int32 int_8, String string_4, String string_5, Boolean bool_1) in C:\Users\Administrator\Desktop\AI EMU_CRACKED\HabboHotel\Rooms\RoomModel.cs:Zeile 52.

14.01.2020 11:09:26: System.ArgumentOutOfRangeException: Der Index und die L?nge m?ssen sich auf eine Position in der Zeichenfolge beziehen.
Parametername: length
   bei System.String.Substring(Int32 startIndex, Int32 length)
   bei GoldTree.HabboHotel.Rooms.RoomModel..ctor(String string_3, Int32 int_6, Int32 int_7, Double double_2, Int32 int_8, String string_4, String string_5, Boolean bool_1) in C:\Users\Administrator\Desktop\AI EMU_CRACKED\HabboHotel\Rooms\RoomModel.cs:Zeile 52.

14.01.2020 11:29:04: System.ArgumentOutOfRangeException: Der Index und die L?nge m?ssen sich auf eine Position in der Zeichenfolge beziehen.
Parametername: length
   bei System.String.Substring(Int32 startIndex, Int32 length)
   bei GoldTree.HabboHotel.Rooms.RoomModel..ctor(String string_3, Int32 int_6, Int32 int_7, Double double_2, Int32 int_8, String string_4, String string_5, Boolean bool_1) in C:\Users\Administrator\Desktop\AI EMU_CRACKED\HabboHotel\Rooms\RoomModel.cs:Zeile 52.

14.01.2020 11:34:40: System.ArgumentOutOfRangeException: Der Index und die L?nge m?ssen sich auf eine Position in der Zeichenfolge beziehen.
Parametername: length
   bei System.String.Substring(Int32 startIndex, Int32 length)
   bei GoldTree.HabboHotel.Rooms.RoomModel..ctor(String string_3, Int32 int_6, Int32 int_7, Double double_2, Int32 int_8, String string_4, String string_5, Boolean bool_1) in C:\Users\Administrator\Desktop\AI EMU_CRACKED\HabboHotel\Rooms\RoomModel.cs:Zeile 52.

14.01.2020 11:39:35: System.ArgumentOutOfRangeException: Der Index und die L?nge m?ssen sich auf eine Position in der Zeichenfolge beziehen.
Parametername: length
   bei System.String.Substring(Int32 startIndex, Int32 length)
   bei GoldTree.HabboHotel.Rooms.RoomModel..ctor(String string_3, Int32 int_6, Int32 int_7, Double double_2, Int32 int_8, String string_4, String string_5, Boolean bool_1) in C:\Users\Administrator\Desktop\AI EMU_CRACKED\HabboHotel\Rooms\RoomModel.cs:Zeile 52.

14.01.2020 11:40:01: System.ArgumentOutOfRangeException: Der Index und die L?nge m?ssen sich auf eine Position in der Zeichenfolge beziehen.
Parametername: length
   bei System.String.Substring(Int32 startIndex, Int32 length)
   bei GoldTree.HabboHotel.Rooms.RoomModel..ctor(String string_3, Int32 int_6, Int32 int_7, Double double_2, Int32 int_8, String string_4, String string_5, Boolean bool_1) in C:\Users\Administrator\Desktop\AI EMU_CRACKED\HabboHotel\Rooms\RoomModel.cs:Zeile 52.

14.01.2020 12:20:17: System.ArgumentOutOfRangeException: Der Index und die L?nge m?ssen sich auf eine Position in der Zeichenfolge beziehen.
Parametername: length
   bei System.String.Substring(Int32 startIndex, Int32 length)
   bei GoldTree.HabboHotel.Rooms.RoomModel..ctor(String string_3, Int32 int_6, Int32 int_7, Double double_2, Int32 int_8, String string_4, String string_5, Boolean bool_1) in C:\Users\Administrator\Desktop\AI EMU_CRACKED\HabboHotel\Rooms\RoomModel.cs:Zeile 52.

14.01.2020 16:55:02: System.ArgumentOutOfRangeException: Der Index und die L?nge m?ssen sich auf eine Position in der Zeichenfolge beziehen.
Parametername: length
   bei System.String.Substring(Int32 startIndex, Int32 length)
   bei GoldTree.HabboHotel.Rooms.RoomModel..ctor(String string_3, Int32 int_6, Int32 int_7, Double double_2, Int32 int_8, String string_4, String string_5, Boolean bool_1) in C:\Users\Administrator\Desktop\AI EMU_CRACKED\HabboHotel\Rooms\RoomModel.cs:Zeile 52.

14.01.2020 16:55:17: System.ArgumentOutOfRangeException: Der Index und die L?nge m?ssen sich auf eine Position in der Zeichenfolge beziehen.
Parametername: length
   bei System.String.Substring(Int32 startIndex, Int32 length)
   bei GoldTree.HabboHotel.Rooms.RoomModel..ctor(String string_3, Int32 int_6, Int32 int_7, Double double_2, Int32 int_8, String string_4, String string_5, Boolean bool_1) in C:\Users\Administrator\Desktop\AI EMU_CRACKED\HabboHotel\Rooms\RoomModel.cs:Zeile 52.

14.01.2020 17:19:27: System.ArgumentOutOfRangeException: Der Index und die L?nge m?ssen sich auf eine Position in der Zeichenfolge beziehen.
Parametername: length
   bei System.String.Substring(Int32 startIndex, Int32 length)
   bei GoldTree.HabboHotel.Rooms.RoomModel..ctor(String string_3, Int32 int_6, Int32 int_7, Double double_2, Int32 int_8, String string_4, String string_5, Boolean bool_1) in C:\Users\Administrator\Desktop\AI EMU_CRACKED\HabboHotel\Rooms\RoomModel.cs:Zeile 52.

14.01.2020 17:50:38: System.ArgumentOutOfRangeException: Der Index und die L?nge m?ssen sich auf eine Position in der Zeichenfolge beziehen.
Parametername: length
   bei System.String.Substring(Int32 startIndex, Int32 length)
   bei GoldTree.HabboHotel.Rooms.RoomModel..ctor(String string_3, Int32 int_6, Int32 int_7, Double double_2, Int32 int_8, String string_4, String string_5, Boolean bool_1) in C:\Users\Administrator\Desktop\AI EMU_CRACKED\HabboHotel\Rooms\RoomModel.cs:Zeile 52.

14.01.2020 18:00:03: System.ArgumentOutOfRangeException: Der Index und die L?nge m?ssen sich auf eine Position in der Zeichenfolge beziehen.
Parametername: length
   bei System.String.Substring(Int32 startIndex, Int32 length)
   bei GoldTree.HabboHotel.Rooms.RoomModel..ctor(String string_3, Int32 int_6, Int32 int_7, Double double_2, Int32 int_8, String string_4, String string_5, Boolean bool_1) in C:\Users\Administrator\Desktop\AI EMU_CRACKED\HabboHotel\Rooms\RoomModel.cs:Zeile 52.

14.01.2020 18:01:03: System.ArgumentOutOfRangeException: Der Index und die L?nge m?ssen sich auf eine Position in der Zeichenfolge beziehen.
Parametername: length
   bei System.String.Substring(Int32 startIndex, Int32 length)
   bei GoldTree.HabboHotel.Rooms.RoomModel..ctor(String string_3, Int32 int_6, Int32 int_7, Double double_2, Int32 int_8, String string_4, String string_5, Boolean bool_1) in C:\Users\Administrator\Desktop\AI EMU_CRACKED\HabboHotel\Rooms\RoomModel.cs:Zeile 52.

14.01.2020 19:02:12: System.ArgumentOutOfRangeException: Der Index und die L?nge m?ssen sich auf eine Position in der Zeichenfolge beziehen.
Parametername: length
   bei System.String.Substring(Int32 startIndex, Int32 length)
   bei GoldTree.HabboHotel.Rooms.RoomModel..ctor(String string_3, Int32 int_6, Int32 int_7, Double double_2, Int32 int_8, String string_4, String string_5, Boolean bool_1) in C:\Users\Administrator\Desktop\AI EMU_CRACKED\HabboHotel\Rooms\RoomModel.cs:Zeile 52.

14.01.2020 19:08:22: System.ArgumentOutOfRangeException: Der Index und die L?nge m?ssen sich auf eine Position in der Zeichenfolge beziehen.
Parametername: length
   bei System.String.Substring(Int32 startIndex, Int32 length)
   bei GoldTree.HabboHotel.Rooms.RoomModel..ctor(String string_3, Int32 int_6, Int32 int_7, Double double_2, Int32 int_8, String string_4, String string_5, Boolean bool_1) in C:\Users\Administrator\Desktop\AI EMU_CRACKED\HabboHotel\Rooms\RoomModel.cs:Zeile 52.

14.01.2020 19:13:59: System.ArgumentOutOfRangeException: Der Index und die L?nge m?ssen sich auf eine Position in der Zeichenfolge beziehen.
Parametername: length
   bei System.String.Substring(Int32 startIndex, Int32 length)
   bei GoldTree.HabboHotel.Rooms.RoomModel..ctor(String string_3, Int32 int_6, Int32 int_7, Double double_2, Int32 int_8, String string_4, String string_5, Boolean bool_1) in C:\Users\Administrator\Desktop\AI EMU_CRACKED\HabboHotel\Rooms\RoomModel.cs:Zeile 52.

14.01.2020 19:20:21: System.ArgumentOutOfRangeException: Der Index und die L?nge m?ssen sich auf eine Position in der Zeichenfolge beziehen.
Parametername: length
   bei System.String.Substring(Int32 startIndex, Int32 length)
   bei GoldTree.HabboHotel.Rooms.RoomModel..ctor(String string_3, Int32 int_6, Int32 int_7, Double double_2, Int32 int_8, String string_4, String string_5, Boolean bool_1) in C:\Users\Administrator\Desktop\AI EMU_CRACKED\HabboHotel\Rooms\RoomModel.cs:Zeile 52.

14.01.2020 19:26:58: System.ArgumentOutOfRangeException: Der Index und die L?nge m?ssen sich auf eine Position in der Zeichenfolge beziehen.
Parametername: length
   bei System.String.Substring(Int32 startIndex, Int32 length)
   bei GoldTree.HabboHotel.Rooms.RoomModel..ctor(String string_3, Int32 int_6, Int32 int_7, Double double_2, Int32 int_8, String string_4, String string_5, Boolean bool_1) in C:\Users\Administrator\Desktop\AI EMU_CRACKED\HabboHotel\Rooms\RoomModel.cs:Zeile 52.

14.01.2020 20:01:21: System.ArgumentOutOfRangeException: Der Index und die L?nge m?ssen sich auf eine Position in der Zeichenfolge beziehen.
Parametername: length
   bei System.String.Substring(Int32 startIndex, Int32 length)
   bei GoldTree.HabboHotel.Rooms.RoomModel..ctor(String string_3, Int32 int_6, Int32 int_7, Double double_2, Int32 int_8, String string_4, String string_5, Boolean bool_1) in C:\Users\Administrator\Desktop\AI EMU_CRACKED\HabboHotel\Rooms\RoomModel.cs:Zeile 52.

14.01.2020 20:01:30: System.ArgumentOutOfRangeException: Der Index und die L?nge m?ssen sich auf eine Position in der Zeichenfolge beziehen.
Parametername: length
   bei System.String.Substring(Int32 startIndex, Int32 length)
   bei GoldTree.HabboHotel.Rooms.RoomModel..ctor(String string_3, Int32 int_6, Int32 int_7, Double double_2, Int32 int_8, String string_4, String string_5, Boolean bool_1) in C:\Users\Administrator\Desktop\AI EMU_CRACKED\HabboHotel\Rooms\RoomModel.cs:Zeile 52.

14.01.2020 20:09:47: System.ArgumentOutOfRangeException: Der Index und die L?nge m?ssen sich auf eine Position in der Zeichenfolge beziehen.
Parametername: length
   bei System.String.Substring(Int32 startIndex, Int32 length)
   bei GoldTree.HabboHotel.Rooms.RoomModel..ctor(String string_3, Int32 int_6, Int32 int_7, Double double_2, Int32 int_8, String string_4, String string_5, Boolean bool_1) in C:\Users\Administrator\Desktop\AI EMU_CRACKED\HabboHotel\Rooms\RoomModel.cs:Zeile 52.

14.01.2020 20:09:59: System.ArgumentOutOfRangeException: Der Index und die L?nge m?ssen sich auf eine Position in der Zeichenfolge beziehen.
Parametername: length
   bei System.String.Substring(Int32 startIndex, Int32 length)
   bei GoldTree.HabboHotel.Rooms.RoomModel..ctor(String string_3, Int32 int_6, Int32 int_7, Double double_2, Int32 int_8, String string_4, String string_5, Boolean bool_1) in C:\Users\Administrator\Desktop\AI EMU_CRACKED\HabboHotel\Rooms\RoomModel.cs:Zeile 52.

14.01.2020 20:25:25: System.ArgumentOutOfRangeException: Der Index und die L?nge m?ssen sich auf eine Position in der Zeichenfolge beziehen.
Parametername: length
   bei System.String.Substring(Int32 startIndex, Int32 length)
   bei GoldTree.HabboHotel.Rooms.RoomModel..ctor(String string_3, Int32 int_6, Int32 int_7, Double double_2, Int32 int_8, String string_4, String string_5, Boolean bool_1) in C:\Users\Administrator\Desktop\AI EMU_CRACKED\HabboHotel\Rooms\RoomModel.cs:Zeile 52.

14.01.2020 20:25:32: System.ArgumentOutOfRangeException: Der Index und die L?nge m?ssen sich auf eine Position in der Zeichenfolge beziehen.
Parametername: length
   bei System.String.Substring(Int32 startIndex, Int32 length)
   bei GoldTree.HabboHotel.Rooms.RoomModel..ctor(String string_3, Int32 int_6, Int32 int_7, Double double_2, Int32 int_8, String string_4, String string_5, Boolean bool_1) in C:\Users\Administrator\Desktop\AI EMU_CRACKED\HabboHotel\Rooms\RoomModel.cs:Zeile 52.

14.01.2020 20:42:06: System.ArgumentOutOfRangeException: Der Index und die L?nge m?ssen sich auf eine Position in der Zeichenfolge beziehen.
Parametername: length
   bei System.String.Substring(Int32 startIndex, Int32 length)
   bei GoldTree.HabboHotel.Rooms.RoomModel..ctor(String string_3, Int32 int_6, Int32 int_7, Double double_2, Int32 int_8, String string_4, String string_5, Boolean bool_1) in C:\Users\Administrator\Desktop\AI EMU_CRACKED\HabboHotel\Rooms\RoomModel.cs:Zeile 52.

14.01.2020 20:42:17: System.ArgumentOutOfRangeException: Der Index und die L?nge m?ssen sich auf eine Position in der Zeichenfolge beziehen.
Parametername: length
   bei System.String.Substring(Int32 startIndex, Int32 length)
   bei GoldTree.HabboHotel.Rooms.RoomModel..ctor(String string_3, Int32 int_6, Int32 int_7, Double double_2, Int32 int_8, String string_4, String string_5, Boolean bool_1) in C:\Users\Administrator\Desktop\AI EMU_CRACKED\HabboHotel\Rooms\RoomModel.cs:Zeile 52.

14.01.2020 20:49:37: System.ArgumentOutOfRangeException: Der Index und die L?nge m?ssen sich auf eine Position in der Zeichenfolge beziehen.
Parametername: length
   bei System.String.Substring(Int32 startIndex, Int32 length)
   bei GoldTree.HabboHotel.Rooms.RoomModel..ctor(String string_3, Int32 int_6, Int32 int_7, Double double_2, Int32 int_8, String string_4, String string_5, Boolean bool_1) in C:\Users\Administrator\Desktop\AI EMU_CRACKED\HabboHotel\Rooms\RoomModel.cs:Zeile 52.

14.01.2020 20:49:43: System.ArgumentOutOfRangeException: Der Index und die L?nge m?ssen sich auf eine Position in der Zeichenfolge beziehen.
Parametername: length
   bei System.String.Substring(Int32 startIndex, Int32 length)
   bei GoldTree.HabboHotel.Rooms.RoomModel..ctor(String string_3, Int32 int_6, Int32 int_7, Double double_2, Int32 int_8, String string_4, String string_5, Boolean bool_1) in C:\Users\Administrator\Desktop\AI EMU_CRACKED\HabboHotel\Rooms\RoomModel.cs:Zeile 52.

14.01.2020 20:55:21: System.ArgumentOutOfRangeException: Der Index und die L?nge m?ssen sich auf eine Position in der Zeichenfolge beziehen.
Parametername: length
   bei System.String.Substring(Int32 startIndex, Int32 length)
   bei GoldTree.HabboHotel.Rooms.RoomModel..ctor(String string_3, Int32 int_6, Int32 int_7, Double double_2, Int32 int_8, String string_4, String string_5, Boolean bool_1) in C:\Users\Administrator\Desktop\AI EMU_CRACKED\HabboHotel\Rooms\RoomModel.cs:Zeile 52.

14.01.2020 20:55:26: System.ArgumentOutOfRangeException: Der Index und die L?nge m?ssen sich auf eine Position in der Zeichenfolge beziehen.
Parametername: length
   bei System.String.Substring(Int32 startIndex, Int32 length)
   bei GoldTree.HabboHotel.Rooms.RoomModel..ctor(String string_3, Int32 int_6, Int32 int_7, Double double_2, Int32 int_8, String string_4, String string_5, Boolean bool_1) in C:\Users\Administrator\Desktop\AI EMU_CRACKED\HabboHotel\Rooms\RoomModel.cs:Zeile 52.

15.01.2020 03:53:50: System.ArgumentOutOfRangeException: Der Index und die L?nge m?ssen sich auf eine Position in der Zeichenfolge beziehen.
Parametername: length
   bei System.String.Substring(Int32 startIndex, Int32 length)
   bei GoldTree.HabboHotel.Rooms.RoomModel..ctor(String string_3, Int32 int_6, Int32 int_7, Double double_2, Int32 int_8, String string_4, String string_5, Boolean bool_1) in C:\Users\Administrator\Desktop\AI EMU_CRACKED\HabboHotel\Rooms\RoomModel.cs:Zeile 52.

15.01.2020 03:53:58: System.ArgumentOutOfRangeException: Der Index und die L?nge m?ssen sich auf eine Position in der Zeichenfolge beziehen.
Parametername: length
   bei System.String.Substring(Int32 startIndex, Int32 length)
   bei GoldTree.HabboHotel.Rooms.RoomModel..ctor(String string_3, Int32 int_6, Int32 int_7, Double double_2, Int32 int_8, String string_4, String string_5, Boolean bool_1) in C:\Users\Administrator\Desktop\AI EMU_CRACKED\HabboHotel\Rooms\RoomModel.cs:Zeile 52.

15.01.2020 03:59:15: System.ArgumentOutOfRangeException: Der Index und die L?nge m?ssen sich auf eine Position in der Zeichenfolge beziehen.
Parametername: length
   bei System.String.Substring(Int32 startIndex, Int32 length)
   bei GoldTree.HabboHotel.Rooms.RoomModel..ctor(String string_3, Int32 int_6, Int32 int_7, Double double_2, Int32 int_8, String string_4, String string_5, Boolean bool_1) in C:\Users\Administrator\Desktop\AI EMU_CRACKED\HabboHotel\Rooms\RoomModel.cs:Zeile 52.

15.01.2020 03:59:20: System.ArgumentOutOfRangeException: Der Index und die L?nge m?ssen sich auf eine Position in der Zeichenfolge beziehen.
Parametername: length
   bei System.String.Substring(Int32 startIndex, Int32 length)
   bei GoldTree.HabboHotel.Rooms.RoomModel..ctor(String string_3, Int32 int_6, Int32 int_7, Double double_2, Int32 int_8, String string_4, String string_5, Boolean bool_1) in C:\Users\Administrator\Desktop\AI EMU_CRACKED\HabboHotel\Rooms\RoomModel.cs:Zeile 52.

15.01.2020 04:06:03: System.ArgumentOutOfRangeException: Der Index und die L?nge m?ssen sich auf eine Position in der Zeichenfolge beziehen.
Parametername: length
   bei System.String.Substring(Int32 startIndex, Int32 length)
   bei GoldTree.HabboHotel.Rooms.RoomModel..ctor(String string_3, Int32 int_6, Int32 int_7, Double double_2, Int32 int_8, String string_4, String string_5, Boolean bool_1) in C:\Users\Administrator\Desktop\AI EMU_CRACKED\HabboHotel\Rooms\RoomModel.cs:Zeile 52.

15.01.2020 04:06:09: System.ArgumentOutOfRangeException: Der Index und die L?nge m?ssen sich auf eine Position in der Zeichenfolge beziehen.
Parametername: length
   bei System.String.Substring(Int32 startIndex, Int32 length)
   bei GoldTree.HabboHotel.Rooms.RoomModel..ctor(String string_3, Int32 int_6, Int32 int_7, Double double_2, Int32 int_8, String string_4, String string_5, Boolean bool_1) in C:\Users\Administrator\Desktop\AI EMU_CRACKED\HabboHotel\Rooms\RoomModel.cs:Zeile 52.

15.01.2020 04:21:16: System.ArgumentOutOfRangeException: Der Index und die L?nge m?ssen sich auf eine Position in der Zeichenfolge beziehen.
Parametername: length
   bei System.String.Substring(Int32 startIndex, Int32 length)
   bei GoldTree.HabboHotel.Rooms.RoomModel..ctor(String string_3, Int32 int_6, Int32 int_7, Double double_2, Int32 int_8, String string_4, String string_5, Boolean bool_1) in C:\Users\Administrator\Desktop\AI EMU_CRACKED\HabboHotel\Rooms\RoomModel.cs:Zeile 52.

15.01.2020 04:21:23: System.ArgumentOutOfRangeException: Der Index und die L?nge m?ssen sich auf eine Position in der Zeichenfolge beziehen.
Parametername: length
   bei System.String.Substring(Int32 startIndex, Int32 length)
   bei GoldTree.HabboHotel.Rooms.RoomModel..ctor(String string_3, Int32 int_6, Int32 int_7, Double double_2, Int32 int_8, String string_4, String string_5, Boolean bool_1) in C:\Users\Administrator\Desktop\AI EMU_CRACKED\HabboHotel\Rooms\RoomModel.cs:Zeile 52.

15.01.2020 04:37:22: System.ArgumentOutOfRangeException: Der Index und die L?nge m?ssen sich auf eine Position in der Zeichenfolge beziehen.
Parametername: length
   bei System.String.Substring(Int32 startIndex, Int32 length)
   bei GoldTree.HabboHotel.Rooms.RoomModel..ctor(String string_3, Int32 int_6, Int32 int_7, Double double_2, Int32 int_8, String string_4, String string_5, Boolean bool_1) in C:\Users\Administrator\Desktop\AI EMU_CRACKED\HabboHotel\Rooms\RoomModel.cs:Zeile 52.

15.01.2020 04:39:52: System.ArgumentOutOfRangeException: Der Index und die L?nge m?ssen sich auf eine Position in der Zeichenfolge beziehen.
Parametername: length
   bei System.String.Substring(Int32 startIndex, Int32 length)
   bei GoldTree.HabboHotel.Rooms.RoomModel..ctor(String string_3, Int32 int_6, Int32 int_7, Double double_2, Int32 int_8, String string_4, String string_5, Boolean bool_1) in C:\Users\Administrator\Desktop\AI EMU_CRACKED\HabboHotel\Rooms\RoomModel.cs:Zeile 52.

15.01.2020 04:43:15: System.ArgumentOutOfRangeException: Der Index und die L?nge m?ssen sich auf eine Position in der Zeichenfolge beziehen.
Parametername: length
   bei System.String.Substring(Int32 startIndex, Int32 length)
   bei GoldTree.HabboHotel.Rooms.RoomModel..ctor(String string_3, Int32 int_6, Int32 int_7, Double double_2, Int32 int_8, String string_4, String string_5, Boolean bool_1) in C:\Users\Administrator\Desktop\AI EMU_CRACKED\HabboHotel\Rooms\RoomModel.cs:Zeile 52.

15.01.2020 04:46:34: System.ArgumentOutOfRangeException: Der Index und die L?nge m?ssen sich auf eine Position in der Zeichenfolge beziehen.
Parametername: length
   bei System.String.Substring(Int32 startIndex, Int32 length)
   bei GoldTree.HabboHotel.Rooms.RoomModel..ctor(String string_3, Int32 int_6, Int32 int_7, Double double_2, Int32 int_8, String string_4, String string_5, Boolean bool_1) in C:\Users\Administrator\Desktop\AI EMU_CRACKED\HabboHotel\Rooms\RoomModel.cs:Zeile 52.

15.01.2020 04:49:27: System.ArgumentOutOfRangeException: Der Index und die L?nge m?ssen sich auf eine Position in der Zeichenfolge beziehen.
Parametername: length
   bei System.String.Substring(Int32 startIndex, Int32 length)
   bei GoldTree.HabboHotel.Rooms.RoomModel..ctor(String string_3, Int32 int_6, Int32 int_7, Double double_2, Int32 int_8, String string_4, String string_5, Boolean bool_1) in C:\Users\Administrator\Desktop\AI EMU_CRACKED\HabboHotel\Rooms\RoomModel.cs:Zeile 52.

15.01.2020 05:03:35: System.ArgumentOutOfRangeException: Der Index und die L?nge m?ssen sich auf eine Position in der Zeichenfolge beziehen.
Parametername: length
   bei System.String.Substring(Int32 startIndex, Int32 length)
   bei GoldTree.HabboHotel.Rooms.RoomModel..ctor(String string_3, Int32 int_6, Int32 int_7, Double double_2, Int32 int_8, String string_4, String string_5, Boolean bool_1) in C:\Users\Administrator\Desktop\AI EMU_CRACKED\HabboHotel\Rooms\RoomModel.cs:Zeile 52.

15.01.2020 05:06:54: System.ArgumentOutOfRangeException: Der Index und die L?nge m?ssen sich auf eine Position in der Zeichenfolge beziehen.
Parametername: length
   bei System.String.Substring(Int32 startIndex, Int32 length)
   bei GoldTree.HabboHotel.Rooms.RoomModel..ctor(String string_3, Int32 int_6, Int32 int_7, Double double_2, Int32 int_8, String string_4, String string_5, Boolean bool_1) in C:\Users\Administrator\Desktop\AI EMU_CRACKED\HabboHotel\Rooms\RoomModel.cs:Zeile 52.

15.01.2020 05:10:39: System.ArgumentOutOfRangeException: Der Index und die L?nge m?ssen sich auf eine Position in der Zeichenfolge beziehen.
Parametername: length
   bei System.String.Substring(Int32 startIndex, Int32 length)
   bei GoldTree.HabboHotel.Rooms.RoomModel..ctor(String string_3, Int32 int_6, Int32 int_7, Double double_2, Int32 int_8, String string_4, String string_5, Boolean bool_1) in C:\Users\Administrator\Desktop\AI EMU_CRACKED\HabboHotel\Rooms\RoomModel.cs:Zeile 52.

15.01.2020 05:15:56: System.ArgumentOutOfRangeException: Der Index und die L?nge m?ssen sich auf eine Position in der Zeichenfolge beziehen.
Parametername: length
   bei System.String.Substring(Int32 startIndex, Int32 length)
   bei GoldTree.HabboHotel.Rooms.RoomModel..ctor(String string_3, Int32 int_6, Int32 int_7, Double double_2, Int32 int_8, String string_4, String string_5, Boolean bool_1) in C:\Users\Administrator\Desktop\AI EMU_CRACKED\HabboHotel\Rooms\RoomModel.cs:Zeile 52.

15.01.2020 05:18:50: System.ArgumentOutOfRangeException: Der Index und die L?nge m?ssen sich auf eine Position in der Zeichenfolge beziehen.
Parametername: length
   bei System.String.Substring(Int32 startIndex, Int32 length)
   bei GoldTree.HabboHotel.Rooms.RoomModel..ctor(String string_3, Int32 int_6, Int32 int_7, Double double_2, Int32 int_8, String string_4, String string_5, Boolean bool_1) in C:\Users\Administrator\Desktop\AI EMU_CRACKED\HabboHotel\Rooms\RoomModel.cs:Zeile 52.

15.01.2020 16:11:53: System.ArgumentOutOfRangeException: Der Index und die L?nge m?ssen sich auf eine Position in der Zeichenfolge beziehen.
Parametername: length
   bei System.String.Substring(Int32 startIndex, Int32 length)
   bei GoldTree.HabboHotel.Rooms.RoomModel..ctor(String string_3, Int32 int_6, Int32 int_7, Double double_2, Int32 int_8, String string_4, String string_5, Boolean bool_1) in C:\Users\Administrator\Desktop\AI EMU_CRACKED\HabboHotel\Rooms\RoomModel.cs:Zeile 52.

15.01.2020 20:25:43: System.ArgumentOutOfRangeException: Der Index und die L?nge m?ssen sich auf eine Position in der Zeichenfolge beziehen.
Parametername: length
   bei System.String.Substring(Int32 startIndex, Int32 length)
   bei GoldTree.HabboHotel.Rooms.RoomModel..ctor(String string_3, Int32 int_6, Int32 int_7, Double double_2, Int32 int_8, String string_4, String string_5, Boolean bool_1) in C:\Users\Administrator\Desktop\AI EMU_CRACKED\HabboHotel\Rooms\RoomModel.cs:Zeile 52.

16.01.2020 19:55:12: System.ArgumentOutOfRangeException: Der Index und die L?nge m?ssen sich auf eine Position in der Zeichenfolge beziehen.
Parametername: length
   bei System.String.Substring(Int32 startIndex, Int32 length)
   bei GoldTree.HabboHotel.Rooms.RoomModel..ctor(String string_3, Int32 int_6, Int32 int_7, Double double_2, Int32 int_8, String string_4, String string_5, Boolean bool_1) in C:\Users\Administrator\Desktop\AI EMU_CRACKED\HabboHotel\Rooms\RoomModel.cs:Zeile 52.

18.01.2020 20:07:25: System.ArgumentOutOfRangeException: Der Index und die L?nge m?ssen sich auf eine Position in der Zeichenfolge beziehen.
Parametername: length
   bei System.String.Substring(Int32 startIndex, Int32 length)
   bei GoldTree.HabboHotel.Rooms.RoomModel..ctor(String string_3, Int32 int_6, Int32 int_7, Double double_2, Int32 int_8, String string_4, String string_5, Boolean bool_1) in C:\Users\Administrator\Desktop\AI EMU_CRACKED\HabboHotel\Rooms\RoomModel.cs:Zeile 52.

18.01.2020 23:22:14: System.ArgumentOutOfRangeException: Der Index und die L?nge m?ssen sich auf eine Position in der Zeichenfolge beziehen.
Parametername: length
   bei System.String.Substring(Int32 startIndex, Int32 length)
   bei GoldTree.HabboHotel.Rooms.RoomModel..ctor(String string_3, Int32 int_6, Int32 int_7, Double double_2, Int32 int_8, String string_4, String string_5, Boolean bool_1) in C:\Users\Administrator\Desktop\AI EMU_CRACKED\HabboHotel\Rooms\RoomModel.cs:Zeile 52.

18.01.2020 23:36:35: System.ArgumentOutOfRangeException: Der Index und die L?nge m?ssen sich auf eine Position in der Zeichenfolge beziehen.
Parametername: length
   bei System.String.Substring(Int32 startIndex, Int32 length)
   bei GoldTree.HabboHotel.Rooms.RoomModel..ctor(String string_3, Int32 int_6, Int32 int_7, Double double_2, Int32 int_8, String string_4, String string_5, Boolean bool_1) in C:\Users\Administrator\Desktop\AI EMU_CRACKED\HabboHotel\Rooms\RoomModel.cs:Zeile 52.

19.01.2020 10:53:59: System.ArgumentOutOfRangeException: Der Index und die L?nge m?ssen sich auf eine Position in der Zeichenfolge beziehen.
Parametername: length
   bei System.String.Substring(Int32 startIndex, Int32 length)
   bei GoldTree.HabboHotel.Rooms.RoomModel..ctor(String string_3, Int32 int_6, Int32 int_7, Double double_2, Int32 int_8, String string_4, String string_5, Boolean bool_1) in C:\Users\Administrator\Desktop\AI EMU_CRACKED\HabboHotel\Rooms\RoomModel.cs:Zeile 52.

19.01.2020 11:15:10: System.ArgumentOutOfRangeException: Der Index und die L?nge m?ssen sich auf eine Position in der Zeichenfolge beziehen.
Parametername: length
   bei System.String.Substring(Int32 startIndex, Int32 length)
   bei GoldTree.HabboHotel.Rooms.RoomModel..ctor(String string_3, Int32 int_6, Int32 int_7, Double double_2, Int32 int_8, String string_4, String string_5, Boolean bool_1) in C:\Users\Administrator\Desktop\AI EMU_CRACKED\HabboHotel\Rooms\RoomModel.cs:Zeile 52.

19.01.2020 14:14:06: System.ArgumentOutOfRangeException: Der Index und die L?nge m?ssen sich auf eine Position in der Zeichenfolge beziehen.
Parametername: length
   bei System.String.Substring(Int32 startIndex, Int32 length)
   bei GoldTree.HabboHotel.Rooms.RoomModel..ctor(String string_3, Int32 int_6, Int32 int_7, Double double_2, Int32 int_8, String string_4, String string_5, Boolean bool_1) in C:\Users\Administrator\Desktop\AI EMU_CRACKED\HabboHotel\Rooms\RoomModel.cs:Zeile 52.

19.01.2020 14:54:42: System.ArgumentOutOfRangeException: Der Index und die L?nge m?ssen sich auf eine Position in der Zeichenfolge beziehen.
Parametername: length
   bei System.String.Substring(Int32 startIndex, Int32 length)
   bei GoldTree.HabboHotel.Rooms.RoomModel..ctor(String string_3, Int32 int_6, Int32 int_7, Double double_2, Int32 int_8, String string_4, String string_5, Boolean bool_1) in C:\Users\Administrator\Desktop\AI EMU_CRACKED\HabboHotel\Rooms\RoomModel.cs:Zeile 52.

19.01.2020 16:10:11: System.ArgumentOutOfRangeException: Der Index und die L?nge m?ssen sich auf eine Position in der Zeichenfolge beziehen.
Parametername: length
   bei System.String.Substring(Int32 startIndex, Int32 length)
   bei GoldTree.HabboHotel.Rooms.RoomModel..ctor(String string_3, Int32 int_6, Int32 int_7, Double double_2, Int32 int_8, String string_4, String string_5, Boolean bool_1) in C:\Users\Administrator\Desktop\AI EMU_CRACKED\HabboHotel\Rooms\RoomModel.cs:Zeile 52.

20.01.2020 19:48:51: System.ArgumentOutOfRangeException: Der Index und die L?nge m?ssen sich auf eine Position in der Zeichenfolge beziehen.
Parametername: length
   bei System.String.Substring(Int32 startIndex, Int32 length)
   bei GoldTree.HabboHotel.Rooms.RoomModel..ctor(String string_3, Int32 int_6, Int32 int_7, Double double_2, Int32 int_8, String string_4, String string_5, Boolean bool_1) in C:\Users\Administrator\Desktop\AI EMU_CRACKED\HabboHotel\Rooms\RoomModel.cs:Zeile 52.

20.01.2020 23:28:56: System.ArgumentOutOfRangeException: Der Index und die L?nge m?ssen sich auf eine Position in der Zeichenfolge beziehen.
Parametername: length
   bei System.String.Substring(Int32 startIndex, Int32 length)
   bei GoldTree.HabboHotel.Rooms.RoomModel..ctor(String string_3, Int32 int_6, Int32 int_7, Double double_2, Int32 int_8, String string_4, String string_5, Boolean bool_1) in C:\Users\Administrator\Desktop\AI EMU_CRACKED\HabboHotel\Rooms\RoomModel.cs:Zeile 52.

21.01.2020 20:10:45: System.ArgumentOutOfRangeException: Der Index und die L?nge m?ssen sich auf eine Position in der Zeichenfolge beziehen.
Parametername: length
   bei System.String.Substring(Int32 startIndex, Int32 length)
   bei GoldTree.HabboHotel.Rooms.RoomModel..ctor(String string_3, Int32 int_6, Int32 int_7, Double double_2, Int32 int_8, String string_4, String string_5, Boolean bool_1) in C:\Users\Administrator\Desktop\AI EMU_CRACKED\HabboHotel\Rooms\RoomModel.cs:Zeile 52.

22.01.2020 01:45:01: System.ArgumentOutOfRangeException: Der Index und die L?nge m?ssen sich auf eine Position in der Zeichenfolge beziehen.
Parametername: length
   bei System.String.Substring(Int32 startIndex, Int32 length)
   bei GoldTree.HabboHotel.Rooms.RoomModel..ctor(String string_3, Int32 int_6, Int32 int_7, Double double_2, Int32 int_8, String string_4, String string_5, Boolean bool_1) in C:\Users\Administrator\Desktop\AI EMU_CRACKED\HabboHotel\Rooms\RoomModel.cs:Zeile 52.

22.01.2020 15:34:27: System.ArgumentOutOfRangeException: Der Index und die L?nge m?ssen sich auf eine Position in der Zeichenfolge beziehen.
Parametername: length
   bei System.String.Substring(Int32 startIndex, Int32 length)
   bei GoldTree.HabboHotel.Rooms.RoomModel..ctor(String string_3, Int32 int_6, Int32 int_7, Double double_2, Int32 int_8, String string_4, String string_5, Boolean bool_1) in C:\Users\Administrator\Desktop\AI EMU_CRACKED\HabboHotel\Rooms\RoomModel.cs:Zeile 52.

22.01.2020 15:37:41: System.ArgumentOutOfRangeException: Der Index und die L?nge m?ssen sich auf eine Position in der Zeichenfolge beziehen.
Parametername: length
   bei System.String.Substring(Int32 startIndex, Int32 length)
   bei GoldTree.HabboHotel.Rooms.RoomModel..ctor(String string_3, Int32 int_6, Int32 int_7, Double double_2, Int32 int_8, String string_4, String string_5, Boolean bool_1) in C:\Users\Administrator\Desktop\AI EMU_CRACKED\HabboHotel\Rooms\RoomModel.cs:Zeile 52.

22.01.2020 15:38:02: System.ArgumentOutOfRangeException: Der Index und die L?nge m?ssen sich auf eine Position in der Zeichenfolge beziehen.
Parametername: length
   bei System.String.Substring(Int32 startIndex, Int32 length)
   bei GoldTree.HabboHotel.Rooms.RoomModel..ctor(String string_3, Int32 int_6, Int32 int_7, Double double_2, Int32 int_8, String string_4, String string_5, Boolean bool_1) in C:\Users\Administrator\Desktop\AI EMU_CRACKED\HabboHotel\Rooms\RoomModel.cs:Zeile 52.

22.01.2020 17:32:38: System.ArgumentOutOfRangeException: Der Index und die L?nge m?ssen sich auf eine Position in der Zeichenfolge beziehen.
Parametername: length
   bei System.String.Substring(Int32 startIndex, Int32 length)
   bei GoldTree.HabboHotel.Rooms.RoomModel..ctor(String string_3, Int32 int_6, Int32 int_7, Double double_2, Int32 int_8, String string_4, String string_5, Boolean bool_1) in C:\Users\Administrator\Desktop\AI EMU_CRACKED\HabboHotel\Rooms\RoomModel.cs:Zeile 52.

22.01.2020 17:32:45: System.ArgumentOutOfRangeException: Der Index und die L?nge m?ssen sich auf eine Position in der Zeichenfolge beziehen.
Parametername: length
   bei System.String.Substring(Int32 startIndex, Int32 length)
   bei GoldTree.HabboHotel.Rooms.RoomModel..ctor(String string_3, Int32 int_6, Int32 int_7, Double double_2, Int32 int_8, String string_4, String string_5, Boolean bool_1) in C:\Users\Administrator\Desktop\AI EMU_CRACKED\HabboHotel\Rooms\RoomModel.cs:Zeile 52.

22.01.2020 17:35:15: System.ArgumentOutOfRangeException: Der Index und die L?nge m?ssen sich auf eine Position in der Zeichenfolge beziehen.
Parametername: length
   bei System.String.Substring(Int32 startIndex, Int32 length)
   bei GoldTree.HabboHotel.Rooms.RoomModel..ctor(String string_3, Int32 int_6, Int32 int_7, Double double_2, Int32 int_8, String string_4, String string_5, Boolean bool_1) in C:\Users\Administrator\Desktop\AI EMU_CRACKED\HabboHotel\Rooms\RoomModel.cs:Zeile 52.

22.01.2020 23:11:05: System.ArgumentOutOfRangeException: Der Index und die L?nge m?ssen sich auf eine Position in der Zeichenfolge beziehen.
Parametername: length
   bei System.String.Substring(Int32 startIndex, Int32 length)
   bei GoldTree.HabboHotel.Rooms.RoomModel..ctor(String string_3, Int32 int_6, Int32 int_7, Double double_2, Int32 int_8, String string_4, String string_5, Boolean bool_1) in C:\Users\Administrator\Desktop\AI EMU_CRACKED\HabboHotel\Rooms\RoomModel.cs:Zeile 52.

12.02.2020 00:46:15: System.NullReferenceException: Der Objektverweis wurde nicht auf eine Objektinstanz festgelegt.
   bei GoldTree.HabboHotel.Rooms.Room..ctor(UInt32 uint_2, String name, String description, String type, String string_13, Int32 int_17, Int32 int_18, Int32 int_19, String string_14, String string_15, Int32 int_20, List`1 list_18, Boolean bool_13, Boolean bool_14, Boolean bool_15, Boolean bool_16, RoomIcon class29_1, String string_16, String string_17, String string_18, String string_19, RoomData class27_1, Boolean bool_17, Int32 int_21, Int32 int_22, UInt32 uint_3, Boolean HideOwner, Boolean allRights) in C:\Users\Administrator\Desktop\AI EMU_CRACKED\HabboHotel\Rooms\Room.cs:Zeile 467.
   bei GoldTree.HabboHotel.Rooms.RoomManager.method_15(UInt32 uint_0) in C:\Users\Administrator\Desktop\AI EMU_CRACKED\HabboHotel\Rooms\RoomManager.cs:Zeile 430.

17.03.2020 19:57:15: System.NullReferenceException: Der Objektverweis wurde nicht auf eine Objektinstanz festgelegt.
   bei HabboIM.HabboHotel.Items.RoomItem..ctor(UInt32 uint_5, UInt32 uint_6, UInt32 uint_7, String string_8, Int32 int_5, Int32 int_6, Double double_1, Int32 int_7, String string_9, Room class14_1) in C:\inetpub\habboim\AI EMU_CRACKED\HabboHotel\Items\RoomItem.cs:Zeile 415.
   bei HabboIM.HabboHotel.Rooms.Room.method_25() in C:\inetpub\habboim\AI EMU_CRACKED\HabboHotel\Rooms\Room.cs:Zeile 2941.
   bei HabboIM.HabboHotel.Rooms.Room..ctor(UInt32 uint_2, String name, String description, String type, String string_13, Int32 int_17, Int32 int_18, Int32 int_19, String string_14, String string_15, Int32 int_20, List`1 list_18, Boolean bool_13, Boolean bool_14, Boolean bool_15, Boolean bool_16, RoomIcon class29_1, String string_16, String string_17, String string_18, String string_19, RoomData class27_1, Boolean bool_17, Int32 int_21, Int32 int_22, UInt32 uint_3, Boolean HideOwner, Boolean allRights) in C:\inetpub\habboim\AI EMU_CRACKED\HabboHotel\Rooms\Room.cs:Zeile 482.
   bei HabboIM.HabboHotel.Rooms.RoomManager.method_15(UInt32 uint_0) in C:\inetpub\habboim\AI EMU_CRACKED\HabboHotel\Rooms\RoomManager.cs:Zeile 430.

17.03.2020 19:57:19: System.NullReferenceException: Der Objektverweis wurde nicht auf eine Objektinstanz festgelegt.
   bei HabboIM.HabboHotel.Items.RoomItem..ctor(UInt32 uint_5, UInt32 uint_6, UInt32 uint_7, String string_8, Int32 int_5, Int32 int_6, Double double_1, Int32 int_7, String string_9, Room class14_1) in C:\inetpub\habboim\AI EMU_CRACKED\HabboHotel\Items\RoomItem.cs:Zeile 415.
   bei HabboIM.HabboHotel.Rooms.Room.method_25() in C:\inetpub\habboim\AI EMU_CRACKED\HabboHotel\Rooms\Room.cs:Zeile 2941.
   bei HabboIM.HabboHotel.Rooms.Room..ctor(UInt32 uint_2, String name, String description, String type, String string_13, Int32 int_17, Int32 int_18, Int32 int_19, String string_14, String string_15, Int32 int_20, List`1 list_18, Boolean bool_13, Boolean bool_14, Boolean bool_15, Boolean bool_16, RoomIcon class29_1, String string_16, String string_17, String string_18, String string_19, RoomData class27_1, Boolean bool_17, Int32 int_21, Int32 int_22, UInt32 uint_3, Boolean HideOwner, Boolean allRights) in C:\inetpub\habboim\AI EMU_CRACKED\HabboHotel\Rooms\Room.cs:Zeile 482.
   bei HabboIM.HabboHotel.Rooms.RoomManager.method_15(UInt32 uint_0) in C:\inetpub\habboim\AI EMU_CRACKED\HabboHotel\Rooms\RoomManager.cs:Zeile 430.

17.03.2020 19:57:24: System.NullReferenceException: Der Objektverweis wurde nicht auf eine Objektinstanz festgelegt.
   bei HabboIM.HabboHotel.Items.RoomItem..ctor(UInt32 uint_5, UInt32 uint_6, UInt32 uint_7, String string_8, Int32 int_5, Int32 int_6, Double double_1, Int32 int_7, String string_9, Room class14_1) in C:\inetpub\habboim\AI EMU_CRACKED\HabboHotel\Items\RoomItem.cs:Zeile 415.
   bei HabboIM.HabboHotel.Rooms.Room.method_25() in C:\inetpub\habboim\AI EMU_CRACKED\HabboHotel\Rooms\Room.cs:Zeile 2941.
   bei HabboIM.HabboHotel.Rooms.Room..ctor(UInt32 uint_2, String name, String description, String type, String string_13, Int32 int_17, Int32 int_18, Int32 int_19, String string_14, String string_15, Int32 int_20, List`1 list_18, Boolean bool_13, Boolean bool_14, Boolean bool_15, Boolean bool_16, RoomIcon class29_1, String string_16, String string_17, String string_18, String string_19, RoomData class27_1, Boolean bool_17, Int32 int_21, Int32 int_22, UInt32 uint_3, Boolean HideOwner, Boolean allRights) in C:\inetpub\habboim\AI EMU_CRACKED\HabboHotel\Rooms\Room.cs:Zeile 482.
   bei HabboIM.HabboHotel.Rooms.RoomManager.method_15(UInt32 uint_0) in C:\inetpub\habboim\AI EMU_CRACKED\HabboHotel\Rooms\RoomManager.cs:Zeile 430.

17.03.2020 19:57:39: System.NullReferenceException: Der Objektverweis wurde nicht auf eine Objektinstanz festgelegt.
   bei HabboIM.HabboHotel.Rooms.Room..ctor(UInt32 uint_2, String name, String description, String type, String string_13, Int32 int_17, Int32 int_18, Int32 int_19, String string_14, String string_15, Int32 int_20, List`1 list_18, Boolean bool_13, Boolean bool_14, Boolean bool_15, Boolean bool_16, RoomIcon class29_1, String string_16, String string_17, String string_18, String string_19, RoomData class27_1, Boolean bool_17, Int32 int_21, Int32 int_22, UInt32 uint_3, Boolean HideOwner, Boolean allRights) in C:\inetpub\habboim\AI EMU_CRACKED\HabboHotel\Rooms\Room.cs:Zeile 467.
   bei HabboIM.HabboHotel.Rooms.RoomManager.method_15(UInt32 uint_0) in C:\inetpub\habboim\AI EMU_CRACKED\HabboHotel\Rooms\RoomManager.cs:Zeile 430.

17.03.2020 19:57:51: System.NullReferenceException: Der Objektverweis wurde nicht auf eine Objektinstanz festgelegt.
   bei HabboIM.HabboHotel.Items.RoomItem..ctor(UInt32 uint_5, UInt32 uint_6, UInt32 uint_7, String string_8, Int32 int_5, Int32 int_6, Double double_1, Int32 int_7, String string_9, Room class14_1) in C:\inetpub\habboim\AI EMU_CRACKED\HabboHotel\Items\RoomItem.cs:Zeile 415.
   bei HabboIM.HabboHotel.Rooms.Room.method_25() in C:\inetpub\habboim\AI EMU_CRACKED\HabboHotel\Rooms\Room.cs:Zeile 2941.
   bei HabboIM.HabboHotel.Rooms.Room..ctor(UInt32 uint_2, String name, String description, String type, String string_13, Int32 int_17, Int32 int_18, Int32 int_19, String string_14, String string_15, Int32 int_20, List`1 list_18, Boolean bool_13, Boolean bool_14, Boolean bool_15, Boolean bool_16, RoomIcon class29_1, String string_16, String string_17, String string_18, String string_19, RoomData class27_1, Boolean bool_17, Int32 int_21, Int32 int_22, UInt32 uint_3, Boolean HideOwner, Boolean allRights) in C:\inetpub\habboim\AI EMU_CRACKED\HabboHotel\Rooms\Room.cs:Zeile 482.
   bei HabboIM.HabboHotel.Rooms.RoomManager.method_15(UInt32 uint_0) in C:\inetpub\habboim\AI EMU_CRACKED\HabboHotel\Rooms\RoomManager.cs:Zeile 430.

17.03.2020 20:16:49: System.NullReferenceException: Der Objektverweis wurde nicht auf eine Objektinstanz festgelegt.
   bei HabboIM.HabboHotel.Items.RoomItem..ctor(UInt32 uint_5, UInt32 uint_6, UInt32 uint_7, String string_8, Int32 int_5, Int32 int_6, Double double_1, Int32 int_7, String string_9, Room class14_1) in C:\inetpub\habboim\AI EMU_CRACKED\HabboHotel\Items\RoomItem.cs:Zeile 415.
   bei HabboIM.HabboHotel.Rooms.Room.method_25() in C:\inetpub\habboim\AI EMU_CRACKED\HabboHotel\Rooms\Room.cs:Zeile 2941.
   bei HabboIM.HabboHotel.Rooms.Room..ctor(UInt32 uint_2, String name, String description, String type, String string_13, Int32 int_17, Int32 int_18, Int32 int_19, String string_14, String string_15, Int32 int_20, List`1 list_18, Boolean bool_13, Boolean bool_14, Boolean bool_15, Boolean bool_16, RoomIcon class29_1, String string_16, String string_17, String string_18, String string_19, RoomData class27_1, Boolean bool_17, Int32 int_21, Int32 int_22, UInt32 uint_3, Boolean HideOwner, Boolean allRights) in C:\inetpub\habboim\AI EMU_CRACKED\HabboHotel\Rooms\Room.cs:Zeile 482.
   bei HabboIM.HabboHotel.Rooms.RoomManager.method_15(UInt32 uint_0) in C:\inetpub\habboim\AI EMU_CRACKED\HabboHotel\Rooms\RoomManager.cs:Zeile 430.

18.03.2020 13:04:02: System.InvalidCastException: Die angegebene Umwandlung ist ung?ltig.
   bei HabboIM.HabboHotel.Rooms.Room.method_25() in C:\inetpub\habboim\AI EMU_CRACKED\HabboHotel\Rooms\Room.cs:Zeile 2931.
   bei HabboIM.HabboHotel.Rooms.Room..ctor(UInt32 uint_2, String name, String description, String type, String string_13, Int32 int_17, Int32 int_18, Int32 int_19, String string_14, String string_15, Int32 int_20, List`1 list_18, Boolean bool_13, Boolean bool_14, Boolean bool_15, Boolean bool_16, RoomIcon class29_1, String string_16, String string_17, String string_18, String string_19, RoomData class27_1, Boolean bool_17, Int32 int_21, Int32 int_22, UInt32 uint_3, Boolean HideOwner, Boolean allRights) in C:\inetpub\habboim\AI EMU_CRACKED\HabboHotel\Rooms\Room.cs:Zeile 482.
   bei HabboIM.HabboHotel.Rooms.RoomManager.method_15(UInt32 uint_0) in C:\inetpub\habboim\AI EMU_CRACKED\HabboHotel\Rooms\RoomManager.cs:Zeile 430.

18.03.2020 13:05:02: System.InvalidCastException: Die angegebene Umwandlung ist ung?ltig.
   bei HabboIM.HabboHotel.Rooms.Room.method_25() in C:\inetpub\habboim\AI EMU_CRACKED\HabboHotel\Rooms\Room.cs:Zeile 2931.
   bei HabboIM.HabboHotel.Rooms.Room..ctor(UInt32 uint_2, String name, String description, String type, String string_13, Int32 int_17, Int32 int_18, Int32 int_19, String string_14, String string_15, Int32 int_20, List`1 list_18, Boolean bool_13, Boolean bool_14, Boolean bool_15, Boolean bool_16, RoomIcon class29_1, String string_16, String string_17, String string_18, String string_19, RoomData class27_1, Boolean bool_17, Int32 int_21, Int32 int_22, UInt32 uint_3, Boolean HideOwner, Boolean allRights) in C:\inetpub\habboim\AI EMU_CRACKED\HabboHotel\Rooms\Room.cs:Zeile 482.
   bei HabboIM.HabboHotel.Rooms.RoomManager.method_15(UInt32 uint_0) in C:\inetpub\habboim\AI EMU_CRACKED\HabboHotel\Rooms\RoomManager.cs:Zeile 430.

18.03.2020 13:05:15: System.InvalidCastException: Die angegebene Umwandlung ist ung?ltig.
   bei HabboIM.HabboHotel.Rooms.Room.method_25() in C:\inetpub\habboim\AI EMU_CRACKED\HabboHotel\Rooms\Room.cs:Zeile 2931.
   bei HabboIM.HabboHotel.Rooms.Room..ctor(UInt32 uint_2, String name, String description, String type, String string_13, Int32 int_17, Int32 int_18, Int32 int_19, String string_14, String string_15, Int32 int_20, List`1 list_18, Boolean bool_13, Boolean bool_14, Boolean bool_15, Boolean bool_16, RoomIcon class29_1, String string_16, String string_17, String string_18, String string_19, RoomData class27_1, Boolean bool_17, Int32 int_21, Int32 int_22, UInt32 uint_3, Boolean HideOwner, Boolean allRights) in C:\inetpub\habboim\AI EMU_CRACKED\HabboHotel\Rooms\Room.cs:Zeile 482.
   bei HabboIM.HabboHotel.Rooms.RoomManager.method_15(UInt32 uint_0) in C:\inetpub\habboim\AI EMU_CRACKED\HabboHotel\Rooms\RoomManager.cs:Zeile 430.

18.03.2020 13:05:38: System.InvalidCastException: Die angegebene Umwandlung ist ung?ltig.
   bei HabboIM.HabboHotel.Rooms.Room.method_25() in C:\inetpub\habboim\AI EMU_CRACKED\HabboHotel\Rooms\Room.cs:Zeile 2931.
   bei HabboIM.HabboHotel.Rooms.Room..ctor(UInt32 uint_2, String name, String description, String type, String string_13, Int32 int_17, Int32 int_18, Int32 int_19, String string_14, String string_15, Int32 int_20, List`1 list_18, Boolean bool_13, Boolean bool_14, Boolean bool_15, Boolean bool_16, RoomIcon class29_1, String string_16, String string_17, String string_18, String string_19, RoomData class27_1, Boolean bool_17, Int32 int_21, Int32 int_22, UInt32 uint_3, Boolean HideOwner, Boolean allRights) in C:\inetpub\habboim\AI EMU_CRACKED\HabboHotel\Rooms\Room.cs:Zeile 482.
   bei HabboIM.HabboHotel.Rooms.RoomManager.method_15(UInt32 uint_0) in C:\inetpub\habboim\AI EMU_CRACKED\HabboHotel\Rooms\RoomManager.cs:Zeile 430.

18.03.2020 13:05:57: System.InvalidCastException: Die angegebene Umwandlung ist ung?ltig.
   bei HabboIM.HabboHotel.Rooms.Room.method_25() in C:\inetpub\habboim\AI EMU_CRACKED\HabboHotel\Rooms\Room.cs:Zeile 2931.
   bei HabboIM.HabboHotel.Rooms.Room..ctor(UInt32 uint_2, String name, String description, String type, String string_13, Int32 int_17, Int32 int_18, Int32 int_19, String string_14, String string_15, Int32 int_20, List`1 list_18, Boolean bool_13, Boolean bool_14, Boolean bool_15, Boolean bool_16, RoomIcon class29_1, String string_16, String string_17, String string_18, String string_19, RoomData class27_1, Boolean bool_17, Int32 int_21, Int32 int_22, UInt32 uint_3, Boolean HideOwner, Boolean allRights) in C:\inetpub\habboim\AI EMU_CRACKED\HabboHotel\Rooms\Room.cs:Zeile 482.
   bei HabboIM.HabboHotel.Rooms.RoomManager.method_15(UInt32 uint_0) in C:\inetpub\habboim\AI EMU_CRACKED\HabboHotel\Rooms\RoomManager.cs:Zeile 430.

18.03.2020 13:06:07: System.InvalidCastException: Die angegebene Umwandlung ist ung?ltig.
   bei HabboIM.HabboHotel.Rooms.Room.method_25() in C:\inetpub\habboim\AI EMU_CRACKED\HabboHotel\Rooms\Room.cs:Zeile 2931.
   bei HabboIM.HabboHotel.Rooms.Room..ctor(UInt32 uint_2, String name, String description, String type, String string_13, Int32 int_17, Int32 int_18, Int32 int_19, String string_14, String string_15, Int32 int_20, List`1 list_18, Boolean bool_13, Boolean bool_14, Boolean bool_15, Boolean bool_16, RoomIcon class29_1, String string_16, String string_17, String string_18, String string_19, RoomData class27_1, Boolean bool_17, Int32 int_21, Int32 int_22, UInt32 uint_3, Boolean HideOwner, Boolean allRights) in C:\inetpub\habboim\AI EMU_CRACKED\HabboHotel\Rooms\Room.cs:Zeile 482.
   bei HabboIM.HabboHotel.Rooms.RoomManager.method_15(UInt32 uint_0) in C:\inetpub\habboim\AI EMU_CRACKED\HabboHotel\Rooms\RoomManager.cs:Zeile 430.

18.03.2020 14:30:56: System.InvalidCastException: Die angegebene Umwandlung ist ung?ltig.
   bei HabboIM.HabboHotel.Rooms.Room.method_25() in C:\inetpub\habboim\AI EMU_CRACKED\HabboHotel\Rooms\Room.cs:Zeile 2931.
   bei HabboIM.HabboHotel.Rooms.Room..ctor(UInt32 uint_2, String name, String description, String type, String string_13, Int32 int_17, Int32 int_18, Int32 int_19, String string_14, String string_15, Int32 int_20, List`1 list_18, Boolean bool_13, Boolean bool_14, Boolean bool_15, Boolean bool_16, RoomIcon class29_1, String string_16, String string_17, String string_18, String string_19, RoomData class27_1, Boolean bool_17, Int32 int_21, Int32 int_22, UInt32 uint_3, Boolean HideOwner, Boolean allRights) in C:\inetpub\habboim\AI EMU_CRACKED\HabboHotel\Rooms\Room.cs:Zeile 482.
   bei HabboIM.HabboHotel.Rooms.RoomManager.method_15(UInt32 uint_0) in C:\inetpub\habboim\AI EMU_CRACKED\HabboHotel\Rooms\RoomManager.cs:Zeile 430.

18.03.2020 14:31:08: System.InvalidCastException: Die angegebene Umwandlung ist ung?ltig.
   bei HabboIM.HabboHotel.Rooms.Room.method_25() in C:\inetpub\habboim\AI EMU_CRACKED\HabboHotel\Rooms\Room.cs:Zeile 2931.
   bei HabboIM.HabboHotel.Rooms.Room..ctor(UInt32 uint_2, String name, String description, String type, String string_13, Int32 int_17, Int32 int_18, Int32 int_19, String string_14, String string_15, Int32 int_20, List`1 list_18, Boolean bool_13, Boolean bool_14, Boolean bool_15, Boolean bool_16, RoomIcon class29_1, String string_16, String string_17, String string_18, String string_19, RoomData class27_1, Boolean bool_17, Int32 int_21, Int32 int_22, UInt32 uint_3, Boolean HideOwner, Boolean allRights) in C:\inetpub\habboim\AI EMU_CRACKED\HabboHotel\Rooms\Room.cs:Zeile 482.
   bei HabboIM.HabboHotel.Rooms.RoomManager.method_15(UInt32 uint_0) in C:\inetpub\habboim\AI EMU_CRACKED\HabboHotel\Rooms\RoomManager.cs:Zeile 430.

